TVB,http://push-rtmp-hs-spe-f5.douyincdn.com/live/ztxw01.flv
翡翠台,http://push-rtmp-hs-spe-f5.douyincdn.com/live/hyxw01.flv
TVB,http://push-rtmp-hs-spe-f5.douyincdn.com/live/dsxw01.flv
翡翠台,http://push-rtmp-hs-spe-f5.douyincdn.com/live/awei_jade.flv
翡翠台,http://push-rtmp-hs-spe-f5.douyincdn.com/live/xiangjiaoge15131132145.flv
TVB,http://push-rtmp-hs-spe-f5.douyincdn.com/live/awei_j2.flv
TVB,http://push-rtmp-hs-spe-f5.douyincdn.com/live/awei_mstw.flv
HOY78,http://push-rtmp-hs-spe-f5.douyincdn.com/live/awei_hoy78.flv
星空卫视,http://zhibo.hkstv.tv/livestream/mutfysrq/playlist.m3u8
凤凰中文,http://push-rtmp-hs-spe-f5.douyincdn.com/live/awei_fhzw.flv
凤凰中文,http://push-rtmp-hs-spe-f5.douyincdn.com/live/awei_fhxg.flv
翡翠台,http://push-rtmp-hs-spe-f5.douyincdn.com/live/awei_jade.flv
TVB,http://push-rtmp-hs-spe-f5.douyincdn.com/live/awei_j2.flv
HOY78,http://push-rtmp-hs-spe-f5.douyincdn.com/live/awei_hoy78.flv
中天亚洲,http://push-rtmp-hs-spe-f5.douyincdn.com/live/awei_bddy.flv
中天亚洲,http://push-rtmp-hs-spe-f5.douyincdn.com/live/awei_ztyz.flv
翡翠台,http://push-rtmp-hs-spe-f5.douyincdn.com/live/xiangjiaoge15131132145.flv
Hoy78,http://push-rtmp-hs-spe-f5.douyincdn.com/live/xaigjiaogehoy7801.flv
星空卫视,http://iot-mqqt.111yao.cn:8080/live/diyp_starmovies.m3u8
星空卫视,http://iot-mqqt.111yao.cn:8080/live/diyp_xingkong.m3u8
凤凰电影,http://iot-mqqt.111yao.cn:8080/live/diyp_fhdy.m3u8
中天亚洲,http://iot-mqqt.111yao.cn:8080/live/diyp_channelv.m3u8
北京文艺,http://iptv.huuc.edu.cn/hls/btv2hd.m3u8
北京体育,http://iptv.huuc.edu.cn/hls/btv6hd.m3u8
北京影视,http://iptv.huuc.edu.cn/hls/btv4hd.m3u8
北京新闻,http://iptv.huuc.edu.cn/hls/btv9hd.m3u8
北京纪实,http://iptv.huuc.edu.cn/hls/btv11hd.m3u8
上海纪实,http://iptv.huuc.edu.cn/hls/docuchina.m3u8
金鹰纪实,http://iptv.huuc.edu.cn/hls/gedocu.m3u8
CGTN俄语,https://0472.org/hls/cgtne.m3u8
CGTN法语,https://0472.org/hls/cgtnf.m3u8
CGTN西语,https://0472.org/hls/cgtnx.m3u8
CGTN阿语,https://0472.org/hls/cgtna.m3u8
CETV4,https://zby.130519.xyz/PLTV/11/224/3221226153/index.m3u8
CETV4[768*576],https://zby.130519.xyz/PLTV/11/224/3221226069/index.m3u8
CGTN[768*576],https://zby.130519.xyz/PLTV/11/224/3221226016/index.m3u8
西藏卫视[768*576],https://zby.130519.xyz/PLTV/11/224/3221225767/index.m3u8
康巴卫视[768*576],https://zby.130519.xyz/PLTV/11/224/3221225773/index.m3u8
厦门卫视[768*576],https://zby.130519.xyz/PLTV/11/224/3221226008/index.m3u8
内蒙古卫视[768*576],https://zby.130519.xyz/PLTV/11/224/3221226011/index.m3u8
西藏卫视[768*576],https://zby.130519.xyz/PLTV/11/224/3221226012/index.m3u8
陕西卫视[768*576],https://zby.130519.xyz/PLTV/11/224/3221226086/index.m3u8
新疆卫视[768*576],https://zby.130519.xyz/PLTV/11/224/3221226088/index.m3u8
宁夏卫视[768*576],https://zby.130519.xyz/PLTV/11/224/3221226092/index.m3u8
兵团卫视[768*576],https://zby.130519.xyz/PLTV/11/224/3221226111/index.m3u8
东方卫视[1023*576],https://zby.130519.xyz/PLTV/11/224/3221226050/index.m3u8
东方财经,https://zby.130519.xyz/PLTV/11/224/3221226134/index.m3u8
新闻综合,https://zby.130519.xyz/PLTV/11/224/3221226136/index.m3u8
第一财经,https://zby.130519.xyz/PLTV/11/224/3221225737/index.m3u8
五星体育,https://zby.130519.xyz/PLTV/11/224/3221225732/index.m3u8
东方影视,https://zby.130519.xyz/PLTV/11/224/3221225744/index.m3u8
上海都市,https://zby.130519.xyz/PLTV/11/224/3221225749/index.m3u8
金色学堂,https://zby.130519.xyz/PLTV/11/224/3221225748/index.m3u8
都市剧场,https://zby.130519.xyz/PLTV/11/224/3221225762/index.m3u8
都市剧场,https://zby.130519.xyz/PLTV/11/224/3221226155/index.m3u8
动漫秀场,https://zby.130519.xyz/PLTV/11/224/3221225764/index.m3u8
动漫秀场,https://zby.130519.xyz/PLTV/11/224/3221226138/index.m3u8
生活时尚,https://zby.130519.xyz/PLTV/11/224/3221225768/index.m3u8
欢笑剧场,https://zby.130519.xyz/PLTV/11/224/3221225771/index.m3u8
法治天地,https://zby.130519.xyz/PLTV/11/224/3221225994/index.m3u8
游戏风云,https://zby.130519.xyz/PLTV/11/224/3221226117/index.m3u8
游戏风云,https://zby.130519.xyz/PLTV/11/224/3221226140/index.m3u8
卡酷少儿,https://zby.130519.xyz/PLTV/11/224/3221226019/index.m3u8
乐游,https://zby.130519.xyz/PLTV/11/224/3221226157/index.m3u8
乐游,https://zby.130519.xyz/PLTV/11/224/3221226115/index.m3u8
睛彩竞技,https://zby.130519.xyz/PLTV/11/224/3221226116/index.m3u8
睛彩篮球,https://zby.130519.xyz/PLTV/11/224/3221226118/index.m3u8
睛彩广场舞,https://zby.130519.xyz/PLTV/11/224/3221226139/index.m3u8
山东教育,http://120.196.232.124:8088/000000001001PLTV/651/224/3221227591/1.m3u8?HlsProfileId=
CGTN阿拉伯语,https://live.chinacert.cftest5.cn/mg/?id=609154345
CGTN西班牙语,https://live.chinacert.cftest5.cn/mg/?id=609006450
CGTN法语,https://live.chinacert.cftest5.cn/mg/?id=609006476
CGTN俄语,https://live.chinacert.cftest5.cn/mg/?id=609006446
老故事,https://live.chinacert.cftest5.cn/mg/?id=884121956
中学生,https://live.chinacert.cftest5.cn/mg/?id=708869532
大湾区卫视,https://live.chinacert.cftest5.cn/mg/?id=608917627
海峡卫视,https://live.chinacert.cftest5.cn/mg/?id=849119120
中国农林卫视,https://live.chinacert.cftest5.cn/mg/?id=956904896
上海新闻综合,https://live.chinacert.cftest5.cn/mg/?id=651632657
上视东方影视,https://live.chinacert.cftest5.cn/mg/?id=617290047
南京新闻综合频道,https://live.chinacert.cftest5.cn/mg/?id=838109047
南京教科频道,https://live.chinacert.cftest5.cn/mg/?id=838153729
南京十八频道,https://live.chinacert.cftest5.cn/mg/?id=838151753
财富天下,https://live.chinacert.cftest5.cn/mg/?id=956923159
新片放映,https://live.chinacert.cftest5.cn/mg/?id=619495952
CHC影迷电影,https://live.chinacert.cftest5.cn/mg/?id=952383261
CHC动作电影,https://live.chinacert.cftest5.cn/mg/?id=644368714
CHC影迷电影,https://live.chinacert.cftest5.cn/mg/?id=644368373
CHC影迷电影,https://live.chinacert.cftest5.cn/mg/?id=713591450
DJ音乐1,https://vd3.bdstatic.com/mda-nda3jnm5kjr0pzkk/480p/h264_delogo/1649645090089685317/mda-nda3jnm5kjr0pzkk.mp4
DJ音乐1,https://vd4.bdstatic.com/mda-ndc2akp3ve971zsx/480p/h264_delogo/1649813962979142773/mda-ndc2akp3ve971zsx.mp4
DJ音乐1,https://vd3.bdstatic.com/mda-ndd2kbfrvgzzt5zc/480p/h264_delogo/1649901097405881759/mda-ndd2kbfrvgzzt5zc.mp4
DJ音乐1,https://vd4.bdstatic.com/mda-ndec79cmtjbdznfb/480p/h264_delogo/1650012233317163165/mda-ndec79cmtjbdznfb.mp4
DJ音乐1,https://vd4.bdstatic.com/mda-ndhdtit37qtisjda/480p/h264_delogo/1650275228081595455/mda-ndhdtit37qtisjda.mp4
DJ音乐2,https://vd3.bdstatic.com/mda-ndd3yrxmmfyci3b9/480p/h264_delogo/1649904694120096435/mda-ndd3yrxmmfyci3b9.mp4
DJ音乐2,https://vd3.bdstatic.com/mda-ndf2e5d2bsgftwrt/480p/h264_delogo/1650073422791087790/mda-ndf2e5d2bsgftwrt.mp4
DJ音乐2,https://vd2.bdstatic.com/mda-ncn28jk4b66yj318/480p/h264_delogo/1647999428356973409/mda-ncn28jk4b66yj318.mp4
DJ音乐2,https://vd3.bdstatic.com/mda-nd53ytstfqsu5qr5/480p/h264_delogo/1649214359850036018/mda-nd53ytstfqsu5qr5.mp4
DJ音乐2,https://vd2.bdstatic.com/mda-nd44sygreax18jk5/480p/h264_delogo/1649130017612498270/mda-nd44sygreax18jk5.mp4
DJ音乐3,https://vd2.bdstatic.com/mda-ndd0byuyrw19vv2g/480p/h264_delogo/1649895616476076795/mda-ndd0byuyrw19vv2g.mp4
DJ音乐3,https://vd4.bdstatic.com/mda-nda2b774z37ig4yh/480p/h264_delogo/1649641534392565187/mda-nda2b774z37ig4yh.mp4
DJ音乐3,https://vd2.bdstatic.com/mda-nde1zha2ickju5ui/480p/h264_delogo/1649986202699266753/mda-nde1zha2ickju5ui.mp4
DJ音乐3,https://vd2.bdstatic.com/mda-nde83jtsrx9345ai/480p/h264_delogo/1650001792789333244/mda-nde83jtsrx9345ai.mp4
DJ音乐3,https://vd3.bdstatic.com/mda-ndd9pwn5djrh80tn/480p/h264_delogo/1649919370531344965/mda-ndd9pwn5djrh80tn.mp4
