Name: CCTV-1, URL: https://zby.130519.xyz/PLTV/11/224/3221226163/index.m3u8, From: whitelist, IPv_Type: None, Location: None, ISP: None, Date: None, Delay: -1 ms, Speed: 0.00 M/s, Resolution: None
Name: CCTV-1, URL: http://go.bkpcp.top/mg/cctv1, From: whitelist, IPv_Type: None, Location: None, ISP: None, Date: None, Delay: -1 ms, Speed: 0.00 M/s, Resolution: None
Name: CCTV-1, URL: http://iptv.huuc.edu.cn/hls/cctv1hd.m3u8, From: whitelist, IPv_Type: None, Location: None, ISP: None, Date: None, Delay: -1 ms, Speed: 0.00 M/s, Resolution: None
Name: CCTV-1, URL: http://120.76.248.139/live/bfgd/4200000484.m3u8, From: subscribe, IPv_Type: ipv4, Location: 中国-浙江-杭州, ISP: 阿里云BGP数据中心, Date: None, Delay: 3462 ms, Speed: 1.90 M/s, Resolution: None
Name: CCTV-2, URL: https://zby.130519.xyz/PLTV/11/224/3221226122/index.m3u8, From: whitelist, IPv_Type: None, Location: None, ISP: None, Date: None, Delay: -1 ms, Speed: 0.00 M/s, Resolution: None
Name: CCTV-2, URL: http://go.bkpcp.top/mg/cctv2, From: whitelist, IPv_Type: None, Location: None, ISP: None, Date: None, Delay: -1 ms, Speed: 0.00 M/s, Resolution: None
Name: CCTV-2, URL: http://iptv.huuc.edu.cn/hls/cctv2hd.m3u8, From: whitelist, IPv_Type: None, Location: None, ISP: None, Date: None, Delay: -1 ms, Speed: 0.00 M/s, Resolution: None
Name: CCTV-3, URL: https://zby.130519.xyz/PLTV/11/224/3221225766/index.m3u8, From: whitelist, IPv_Type: None, Location: None, ISP: None, Date: None, Delay: -1 ms, Speed: 0.00 M/s, Resolution: None
Name: CCTV-3, URL: https://zby.130519.xyz/PLTV/11/224/3221226165/index.m3u8, From: whitelist, IPv_Type: None, Location: None, ISP: None, Date: None, Delay: -1 ms, Speed: 0.00 M/s, Resolution: None
Name: CCTV-3, URL: http://go.bkpcp.top/mg/cctv3, From: whitelist, IPv_Type: None, Location: None, ISP: None, Date: None, Delay: -1 ms, Speed: 0.00 M/s, Resolution: None
Name: CCTV-3, URL: http://iptv.huuc.edu.cn/hls/cctv3hd.m3u8, From: whitelist, IPv_Type: None, Location: None, ISP: None, Date: None, Delay: -1 ms, Speed: 0.00 M/s, Resolution: None
Name: CCTV-4, URL: https://zby.130519.xyz/PLTV/11/224/3221226124/index.m3u8, From: whitelist, IPv_Type: None, Location: None, ISP: None, Date: None, Delay: -1 ms, Speed: 0.00 M/s, Resolution: None
Name: CCTV-4, URL: http://go.bkpcp.top/mg/cctv4, From: whitelist, IPv_Type: None, Location: None, ISP: None, Date: None, Delay: -1 ms, Speed: 0.00 M/s, Resolution: None
Name: CCTV-4, URL: http://iptv.huuc.edu.cn/hls/cctv4hd.m3u8, From: whitelist, IPv_Type: None, Location: None, ISP: None, Date: None, Delay: -1 ms, Speed: 0.00 M/s, Resolution: None
Name: CCTV-4, URL: http://1.31.14.70:54321/hls/13/index.m3u8, From: subscribe, IPv_Type: ipv4, Location: 中国-内蒙古-赤峰, ISP: 联通, Date: None, Delay: 5605 ms, Speed: 0.60 M/s, Resolution: 720x576
Name: CCTV-4, URL: http://lt.hxtre.com:35455/gaoma/cctv4k.m3u8, From: subscribe, IPv_Type: ipv4, Location: 中国-安徽-马鞍山, ISP: 联通, Date: None, Delay: 241 ms, Speed: 0.00 M/s, Resolution: None
Name: CCTV-5, URL: https://zby.130519.xyz/PLTV/11/224/3221225734/index.m3u8, From: whitelist, IPv_Type: None, Location: None, ISP: None, Date: None, Delay: -1 ms, Speed: 0.00 M/s, Resolution: None
Name: CCTV-5, URL: https://zby.130519.xyz/PLTV/11/224/3221226146/index.m3u8, From: whitelist, IPv_Type: None, Location: None, ISP: None, Date: None, Delay: -1 ms, Speed: 0.00 M/s, Resolution: None
Name: CCTV-5, URL: http://go.bkpcp.top/mg/cctv5, From: whitelist, IPv_Type: None, Location: None, ISP: None, Date: None, Delay: -1 ms, Speed: 0.00 M/s, Resolution: None
Name: CCTV-5, URL: http://iptv.huuc.edu.cn/hls/cctv5hd.m3u8, From: whitelist, IPv_Type: None, Location: None, ISP: None, Date: None, Delay: -1 ms, Speed: 0.00 M/s, Resolution: None
Name: CCTV-5+, URL: http://go.bkpcp.top/mg/cctv5p, From: whitelist, IPv_Type: None, Location: None, ISP: None, Date: None, Delay: -1 ms, Speed: 0.00 M/s, Resolution: None
Name: CCTV-5+, URL: http://182.150.23.74:808/hls/16/index.m3u8, From: subscribe, IPv_Type: ipv4, Location: 中国-四川-成都, ISP: 电信, Date: None, Delay: 10046 ms, Speed: 0.01 M/s, Resolution: None
Name: CCTV-6, URL: https://zby.130519.xyz/PLTV/11/224/3221225741/index.m3u8, From: whitelist, IPv_Type: None, Location: None, ISP: None, Date: None, Delay: -1 ms, Speed: 0.00 M/s, Resolution: None
Name: CCTV-6, URL: https://zby.130519.xyz/PLTV/11/224/3221226148/index.m3u8, From: whitelist, IPv_Type: None, Location: None, ISP: None, Date: None, Delay: -1 ms, Speed: 0.00 M/s, Resolution: None
Name: CCTV-6, URL: http://go.bkpcp.top/mg/cctv6, From: whitelist, IPv_Type: None, Location: None, ISP: None, Date: None, Delay: -1 ms, Speed: 0.00 M/s, Resolution: None
Name: CCTV-6, URL: http://iptv.huuc.edu.cn/hls/cctv6hd.m3u8, From: whitelist, IPv_Type: None, Location: None, ISP: None, Date: None, Delay: -1 ms, Speed: 0.00 M/s, Resolution: None
Name: CCTV-7, URL: https://zby.130519.xyz/PLTV/11/224/3221225701/index.m3u8, From: whitelist, IPv_Type: None, Location: None, ISP: None, Date: None, Delay: -1 ms, Speed: 0.00 M/s, Resolution: None
Name: CCTV-7, URL: https://zby.130519.xyz/PLTV/11/224/3221226143/index.m3u8, From: whitelist, IPv_Type: None, Location: None, ISP: None, Date: None, Delay: -1 ms, Speed: 0.00 M/s, Resolution: None
Name: CCTV-7, URL: http://go.bkpcp.top/mg/cctv7, From: whitelist, IPv_Type: None, Location: None, ISP: None, Date: None, Delay: -1 ms, Speed: 0.00 M/s, Resolution: None
Name: CCTV-7, URL: http://iptv.huuc.edu.cn/hls/cctv7hd.m3u8, From: whitelist, IPv_Type: None, Location: None, ISP: None, Date: None, Delay: -1 ms, Speed: 0.00 M/s, Resolution: None
Name: CCTV-8, URL: https://zby.130519.xyz/PLTV/11/224/3221225736/index.m3u8, From: whitelist, IPv_Type: None, Location: None, ISP: None, Date: None, Delay: -1 ms, Speed: 0.00 M/s, Resolution: None
Name: CCTV-8, URL: https://zby.130519.xyz/PLTV/11/224/3221226167/index.m3u8, From: whitelist, IPv_Type: None, Location: None, ISP: None, Date: None, Delay: -1 ms, Speed: 0.00 M/s, Resolution: None
Name: CCTV-8, URL: http://go.bkpcp.top/mg/cctv8, From: whitelist, IPv_Type: None, Location: None, ISP: None, Date: None, Delay: -1 ms, Speed: 0.00 M/s, Resolution: None
Name: CCTV-8, URL: http://iptv.huuc.edu.cn/hls/cctv8hd.m3u8, From: whitelist, IPv_Type: None, Location: None, ISP: None, Date: None, Delay: -1 ms, Speed: 0.00 M/s, Resolution: None
Name: CCTV-9, URL: http://go.bkpcp.top/mg/cctv9, From: whitelist, IPv_Type: None, Location: None, ISP: None, Date: None, Delay: -1 ms, Speed: 0.00 M/s, Resolution: None
Name: CCTV-9, URL: http://iptv.huuc.edu.cn/hls/cctv9hd.m3u8, From: whitelist, IPv_Type: None, Location: None, ISP: None, Date: None, Delay: -1 ms, Speed: 0.00 M/s, Resolution: None
Name: CCTV-10, URL: https://zby.130519.xyz/PLTV/11/224/3221225743/index.m3u8, From: whitelist, IPv_Type: None, Location: None, ISP: None, Date: None, Delay: -1 ms, Speed: 0.00 M/s, Resolution: None
Name: CCTV-10, URL: https://zby.130519.xyz/PLTV/11/224/3221226169/index.m3u8, From: whitelist, IPv_Type: None, Location: None, ISP: None, Date: None, Delay: -1 ms, Speed: 0.00 M/s, Resolution: None
Name: CCTV-10, URL: http://go.bkpcp.top/mg/cctv10, From: whitelist, IPv_Type: None, Location: None, ISP: None, Date: None, Delay: -1 ms, Speed: 0.00 M/s, Resolution: None
Name: CCTV-10, URL: http://iptv.huuc.edu.cn/hls/cctv10hd.m3u8, From: whitelist, IPv_Type: None, Location: None, ISP: None, Date: None, Delay: -1 ms, Speed: 0.00 M/s, Resolution: None
Name: CCTV-10, URL: http://120.76.248.139/live/bfgd/4200000129.m3u8, From: subscribe, IPv_Type: ipv4, Location: 中国-浙江-杭州, ISP: 阿里云BGP数据中心, Date: None, Delay: 2554 ms, Speed: 2.33 M/s, Resolution: 1920x1080
Name: CCTV-10, URL: http://1.31.14.70:54321/hls/11/index.m3u8, From: subscribe, IPv_Type: ipv4, Location: 中国-内蒙古-赤峰, ISP: 联通, Date: None, Delay: 3528 ms, Speed: 1.28 M/s, Resolution: 720x576
Name: CCTV-11, URL: https://zby.130519.xyz/PLTV/11/224/3221226101/index.m3u8, From: whitelist, IPv_Type: None, Location: None, ISP: None, Date: None, Delay: -1 ms, Speed: 0.00 M/s, Resolution: None
Name: CCTV-11, URL: https://zby.130519.xyz/PLTV/11/224/3221226145/index.m3u8, From: whitelist, IPv_Type: None, Location: None, ISP: None, Date: None, Delay: -1 ms, Speed: 0.00 M/s, Resolution: None
Name: CCTV-11, URL: http://go.bkpcp.top/mg/cctv11, From: whitelist, IPv_Type: None, Location: None, ISP: None, Date: None, Delay: -1 ms, Speed: 0.00 M/s, Resolution: None
Name: CCTV-11, URL: http://iptv.huuc.edu.cn/hls/cctv11hd.m3u8, From: whitelist, IPv_Type: None, Location: None, ISP: None, Date: None, Delay: -1 ms, Speed: 0.00 M/s, Resolution: None
Name: CCTV-12, URL: https://zby.130519.xyz/PLTV/11/224/3221226103/index.m3u8, From: whitelist, IPv_Type: None, Location: None, ISP: None, Date: None, Delay: -1 ms, Speed: 0.00 M/s, Resolution: None
Name: CCTV-12, URL: https://zby.130519.xyz/PLTV/11/224/3221226126/index.m3u8, From: whitelist, IPv_Type: None, Location: None, ISP: None, Date: None, Delay: -1 ms, Speed: 0.00 M/s, Resolution: None
Name: CCTV-12, URL: http://go.bkpcp.top/mg/cctv12, From: whitelist, IPv_Type: None, Location: None, ISP: None, Date: None, Delay: -1 ms, Speed: 0.00 M/s, Resolution: None
Name: CCTV-12, URL: http://iptv.huuc.edu.cn/hls/cctv12hd.m3u8, From: whitelist, IPv_Type: None, Location: None, ISP: None, Date: None, Delay: -1 ms, Speed: 0.00 M/s, Resolution: None
Name: CCTV-13, URL: https://zby.130519.xyz/PLTV/11/224/3221226128/index.m3u8, From: whitelist, IPv_Type: None, Location: None, ISP: None, Date: None, Delay: -1 ms, Speed: 0.00 M/s, Resolution: None
Name: CCTV-13, URL: http://go.bkpcp.top/mg/cctv13, From: whitelist, IPv_Type: None, Location: None, ISP: None, Date: None, Delay: -1 ms, Speed: 0.00 M/s, Resolution: None
Name: CCTV-13, URL: http://iptv.huuc.edu.cn/hls/cctv13hd.m3u8, From: whitelist, IPv_Type: None, Location: None, ISP: None, Date: None, Delay: -1 ms, Speed: 0.00 M/s, Resolution: None
Name: CCTV-13, URL: http://106.53.99.30/tv/cctv13.php, From: subscribe, IPv_Type: ipv4, Location: 中国-广东-广州, ISP: 腾讯云, Date: None, Delay: 3088 ms, Speed: 1.15 M/s, Resolution: 1920x1080
Name: CCTV-13, URL: http://ali-m-l.cztv.com/channels/lantian/channel21/1080p.m3u8, From: subscribe, IPv_Type: ipv4, Location: 中国-上海-上海, ISP: 电信, Date: None, Delay: 2356 ms, Speed: 0.92 M/s, Resolution: 1920x1080
Name: CCTV-14, URL: https://zby.130519.xyz/PLTV/11/224/3221225738/index.m3u8, From: whitelist, IPv_Type: None, Location: None, ISP: None, Date: None, Delay: -1 ms, Speed: 0.00 M/s, Resolution: None
Name: CCTV-14, URL: https://zby.130519.xyz/PLTV/11/224/3221226150/index.m3u8, From: whitelist, IPv_Type: None, Location: None, ISP: None, Date: None, Delay: -1 ms, Speed: 0.00 M/s, Resolution: None
Name: CCTV-14, URL: http://go.bkpcp.top/mg/cctv14, From: whitelist, IPv_Type: None, Location: None, ISP: None, Date: None, Delay: -1 ms, Speed: 0.00 M/s, Resolution: None
Name: CCTV-14, URL: http://iptv.huuc.edu.cn/hls/cctv14hd.m3u8, From: whitelist, IPv_Type: None, Location: None, ISP: None, Date: None, Delay: -1 ms, Speed: 0.00 M/s, Resolution: None
Name: CCTV-14, URL: http://1.31.14.70:54321/hls/22/index.m3u8, From: subscribe, IPv_Type: ipv4, Location: 中国-内蒙古-赤峰, ISP: 联通, Date: None, Delay: 3779 ms, Speed: 1.36 M/s, Resolution: 720x576
Name: CCTV-15, URL: https://zby.130519.xyz/PLTV/11/224/3221226147/index.m3u8, From: whitelist, IPv_Type: None, Location: None, ISP: None, Date: None, Delay: -1 ms, Speed: 0.00 M/s, Resolution: None
Name: CCTV-15, URL: http://go.bkpcp.top/mg/cctv15, From: whitelist, IPv_Type: None, Location: None, ISP: None, Date: None, Delay: -1 ms, Speed: 0.00 M/s, Resolution: None
Name: CCTV-16, URL: https://zby.130519.xyz/PLTV/11/224/3221226120/index.m3u8, From: whitelist, IPv_Type: None, Location: None, ISP: None, Date: None, Delay: -1 ms, Speed: 0.00 M/s, Resolution: None
Name: CCTV-16, URL: http://go.bkpcp.top/mg/cctv16, From: whitelist, IPv_Type: None, Location: None, ISP: None, Date: None, Delay: -1 ms, Speed: 0.00 M/s, Resolution: None
Name: CCTV-17, URL: http://go.bkpcp.top/mg/cctv17, From: whitelist, IPv_Type: None, Location: None, ISP: None, Date: None, Delay: -1 ms, Speed: 0.00 M/s, Resolution: None
Name: CGTN, URL: https://zby.130519.xyz/PLTV/11/224/3221226016/index.m3u8, From: whitelist, IPv_Type: None, Location: None, ISP: None, Date: None, Delay: -1 ms, Speed: 0.00 M/s, Resolution: None
Name: CGTN, URL: http://iptv.huuc.edu.cn/hls/cgtnhd.m3u8, From: whitelist, IPv_Type: None, Location: None, ISP: None, Date: None, Delay: -1 ms, Speed: 0.00 M/s, Resolution: None
Name: CCTV欧洲, URL: http://go.bkpcp.top/mg/cctv4o, From: whitelist, IPv_Type: None, Location: None, ISP: None, Date: None, Delay: -1 ms, Speed: 0.00 M/s, Resolution: None
Name: CCTV美洲, URL: http://go.bkpcp.top/mg/cctv4m, From: whitelist, IPv_Type: None, Location: None, ISP: None, Date: None, Delay: -1 ms, Speed: 0.00 M/s, Resolution: None
Name: 北京卫视, URL: https://zby.130519.xyz/PLTV/11/224/3221225724/index.m3u8, From: whitelist, IPv_Type: None, Location: None, ISP: None, Date: None, Delay: -1 ms, Speed: 0.00 M/s, Resolution: None
Name: 北京卫视, URL: http://go.bkpcp.top/mg/bjws, From: whitelist, IPv_Type: None, Location: None, ISP: None, Date: None, Delay: -1 ms, Speed: 0.00 M/s, Resolution: None
Name: 北京卫视, URL: http://iptv.huuc.edu.cn/hls/btv1hd.m3u8, From: whitelist, IPv_Type: None, Location: None, ISP: None, Date: None, Delay: -1 ms, Speed: 0.00 M/s, Resolution: None
Name: 北京卫视, URL: http://satellitepull.cnr.cn/live/wxbtv/playlist.m3u8, From: subscribe, IPv_Type: ipv4, Location: 美国-伊利诺伊州-库克, ISP: 网宿CDN节点, Date: None, Delay: 12 ms, Speed: 7.83 M/s, Resolution: None
Name: 东方卫视, URL: https://zby.130519.xyz/PLTV/11/224/3221225725/index.m3u8, From: whitelist, IPv_Type: None, Location: None, ISP: None, Date: None, Delay: -1 ms, Speed: 0.00 M/s, Resolution: None
Name: 东方卫视, URL: http://go.bkpcp.top/mg/dfws, From: whitelist, IPv_Type: None, Location: None, ISP: None, Date: None, Delay: -1 ms, Speed: 0.00 M/s, Resolution: None
Name: 东方卫视, URL: http://iptv.huuc.edu.cn/hls/dfhd.m3u8, From: whitelist, IPv_Type: None, Location: None, ISP: None, Date: None, Delay: -1 ms, Speed: 0.00 M/s, Resolution: None
Name: 东方卫视, URL: http://1.31.14.70:54321/hls/27/index.m3u8, From: subscribe, IPv_Type: ipv4, Location: 中国-内蒙古-赤峰, ISP: 联通, Date: None, Delay: 4510 ms, Speed: 1.49 M/s, Resolution: 1920x1080
Name: 浙江卫视, URL: https://zby.130519.xyz/PLTV/11/224/3221225727/index.m3u8, From: whitelist, IPv_Type: None, Location: None, ISP: None, Date: None, Delay: -1 ms, Speed: 0.00 M/s, Resolution: None
Name: 浙江卫视, URL: http://go.bkpcp.top/mg/zjws, From: whitelist, IPv_Type: None, Location: None, ISP: None, Date: None, Delay: -1 ms, Speed: 0.00 M/s, Resolution: None
Name: 浙江卫视, URL: http://iptv.huuc.edu.cn/hls/zjhd.m3u8, From: whitelist, IPv_Type: None, Location: None, ISP: None, Date: None, Delay: -1 ms, Speed: 0.00 M/s, Resolution: None
Name: 浙江卫视, URL: https://ali-m-l.cztv.com/channels/lantian/channel001/1080p.m3u8?, From: subscribe, IPv_Type: ipv4, Location: 中国-上海-上海, ISP: 电信, Date: None, Delay: 3057 ms, Speed: 0.91 M/s, Resolution: 1920x1080
Name: 浙江卫视, URL: http://ali-m-l.cztv.com:80/channels/lantian/channel001/1080p.m3u8, From: subscribe, IPv_Type: ipv4, Location: 中国-上海-上海, ISP: 电信, Date: None, Delay: 2038 ms, Speed: 0.87 M/s, Resolution: 1920x1080
Name: 浙江卫视, URL: http://ali-m-l.cztv.com/channels/lantian/channel001/1080p.m3u8, From: subscribe, IPv_Type: ipv4, Location: 中国-上海-上海, ISP: 电信, Date: None, Delay: 2032 ms, Speed: 0.86 M/s, Resolution: 1920x1080
Name: 浙江卫视, URL: https://ali-m-l.cztv.com/channels/lantian/channel001/1080p.m3u8, From: subscribe, IPv_Type: ipv4, Location: 中国-上海-上海, ISP: 电信, Date: None, Delay: 3372 ms, Speed: 0.84 M/s, Resolution: 1920x1080
Name: 浙江卫视, URL: http://ali-m-l.cztv.com/channels/lantian/channel001/1080p.m3u8#mitv://generationnexxxt.com:19806/7bf4b3a65eaf421ab6d71bd8dcc4547a, From: subscribe, IPv_Type: ipv4, Location: 中国-上海-上海, ISP: 电信, Date: None, Delay: 721 ms, Speed: 0.00 M/s, Resolution: None
Name: 湖南卫视, URL: https://zby.130519.xyz/PLTV/11/224/3221225726/index.m3u8, From: whitelist, IPv_Type: None, Location: None, ISP: None, Date: None, Delay: -1 ms, Speed: 0.00 M/s, Resolution: None
Name: 湖南卫视, URL: http://go.bkpcp.top/mg/hunws, From: whitelist, IPv_Type: None, Location: None, ISP: None, Date: None, Delay: -1 ms, Speed: 0.00 M/s, Resolution: None
Name: 湖南卫视, URL: http://iptv.huuc.edu.cn/hls/hunanhd.m3u8, From: whitelist, IPv_Type: None, Location: None, ISP: None, Date: None, Delay: -1 ms, Speed: 0.00 M/s, Resolution: None
Name: 湖北卫视, URL: https://zby.130519.xyz/PLTV/11/224/3221225729/index.m3u8, From: whitelist, IPv_Type: None, Location: None, ISP: None, Date: None, Delay: -1 ms, Speed: 0.00 M/s, Resolution: None
Name: 湖北卫视, URL: http://go.bkpcp.top/mg/hubws, From: whitelist, IPv_Type: None, Location: None, ISP: None, Date: None, Delay: -1 ms, Speed: 0.00 M/s, Resolution: None
Name: 湖北卫视, URL: http://iptv.huuc.edu.cn/hls/hbhd.m3u8, From: whitelist, IPv_Type: None, Location: None, ISP: None, Date: None, Delay: -1 ms, Speed: 0.00 M/s, Resolution: None
Name: 湖北卫视, URL: http://satellitepull.cnr.cn/live/wx32hubws/playlist.m3u8, From: subscribe, IPv_Type: ipv4, Location: 美国-伊利诺伊州-库克, ISP: 网宿CDN节点, Date: None, Delay: 10 ms, Speed: 9.55 M/s, Resolution: None
Name: 黑龙江卫视, URL: https://zby.130519.xyz/PLTV/11/224/3221225722/index.m3u8, From: whitelist, IPv_Type: None, Location: None, ISP: None, Date: None, Delay: -1 ms, Speed: 0.00 M/s, Resolution: None
Name: 黑龙江卫视, URL: http://go.bkpcp.top/mg/hljws, From: whitelist, IPv_Type: None, Location: None, ISP: None, Date: None, Delay: -1 ms, Speed: 0.00 M/s, Resolution: None
Name: 黑龙江卫视, URL: http://iptv.huuc.edu.cn/hls/hljhd.m3u8, From: whitelist, IPv_Type: None, Location: None, ISP: None, Date: None, Delay: -1 ms, Speed: 0.00 M/s, Resolution: None
Name: 黑龙江卫视, URL: http://satellitepull.cnr.cn/live/wx32hljws/playlist.m3u8, From: subscribe, IPv_Type: ipv4, Location: 美国-伊利诺伊州-库克, ISP: 网宿CDN节点, Date: None, Delay: 9 ms, Speed: 10.14 M/s, Resolution: None
Name: 黑龙江卫视, URL: http://39.164.180.36:19901/tsfile/live/0143_1.m3u8?key=txiptv&playlive=0&authid=0, From: subscribe, IPv_Type: ipv4, Location: 中国-河南-信阳, ISP: 移动, Date: None, Delay: 3629 ms, Speed: 1.45 M/s, Resolution: 1920x1080
Name: 黑龙江卫视, URL: http://112.99.193.34:9901/tsfile/live/1027_1.m3u8?, From: subscribe, IPv_Type: ipv4, Location: 中国-黑龙江-大庆, ISP: 电信, Date: None, Delay: 10410 ms, Speed: 0.29 M/s, Resolution: 720x576
Name: 海南卫视, URL: https://zby.130519.xyz/PLTV/11/224/3221226154/index.m3u8, From: whitelist, IPv_Type: None, Location: None, ISP: None, Date: None, Delay: -1 ms, Speed: 0.00 M/s, Resolution: None
Name: 海南卫视, URL: http://go.bkpcp.top/mg/hinws, From: whitelist, IPv_Type: None, Location: None, ISP: None, Date: None, Delay: -1 ms, Speed: 0.00 M/s, Resolution: None
Name: 海南卫视, URL: http://satellitepull.cnr.cn/live/wxhainlyws/playlist.m3u8, From: subscribe, IPv_Type: ipv4, Location: 美国-伊利诺伊州-库克, ISP: 网宿CDN节点, Date: None, Delay: 9 ms, Speed: 10.24 M/s, Resolution: None
Name: 海南卫视, URL: http://nn.7x9d.cn/地方台8563/海南.php?id=hnws, From: subscribe, IPv_Type: ipv4, Location: 中国-江苏-宿迁, ISP: 七星云BGP数据中心, Date: None, Delay: 2415 ms, Speed: 1.09 M/s, Resolution: 1920x1080
Name: 河北卫视, URL: https://zby.130519.xyz/PLTV/11/224/3221226107/index.m3u8, From: whitelist, IPv_Type: None, Location: None, ISP: None, Date: None, Delay: -1 ms, Speed: 0.00 M/s, Resolution: None
Name: 河北卫视, URL: http://iptv.huuc.edu.cn/hls/hebhd.m3u8, From: whitelist, IPv_Type: None, Location: None, ISP: None, Date: None, Delay: -1 ms, Speed: 0.00 M/s, Resolution: None
Name: 河北卫视, URL: http://satellitepull.cnr.cn/live/wxhebws/playlist.m3u8, From: subscribe, IPv_Type: ipv4, Location: 美国-伊利诺伊州-库克, ISP: 网宿CDN节点, Date: None, Delay: 9 ms, Speed: 10.90 M/s, Resolution: None
Name: 河北卫视, URL: http://1.31.14.70:54321/hls/18/index.m3u8, From: subscribe, IPv_Type: ipv4, Location: 中国-内蒙古-赤峰, ISP: 联通, Date: None, Delay: 3933 ms, Speed: 1.28 M/s, Resolution: 1920x1080
Name: 河北卫视, URL: http://php.fjl626.cn/hebei.php?id=hbws, From: subscribe, IPv_Type: ipv4, Location: 中国-香港, ISP: Cloudie_Limited, Date: None, Delay: 390 ms, Speed: 0.02 M/s, Resolution: None
Name: 江苏卫视, URL: https://zby.130519.xyz/PLTV/11/224/3221225720/index.m3u8, From: whitelist, IPv_Type: None, Location: None, ISP: None, Date: None, Delay: -1 ms, Speed: 0.00 M/s, Resolution: None
Name: 江苏卫视, URL: http://go.bkpcp.top/mg/jsws, From: whitelist, IPv_Type: None, Location: None, ISP: None, Date: None, Delay: -1 ms, Speed: 0.00 M/s, Resolution: None
Name: 江苏卫视, URL: http://iptv.huuc.edu.cn/hls/jshd.m3u8, From: whitelist, IPv_Type: None, Location: None, ISP: None, Date: None, Delay: -1 ms, Speed: 0.00 M/s, Resolution: None
Name: 江苏卫视, URL: http://223.105.252.8/PLTV/4/224/3221228099/index.m3u8, From: subscribe, IPv_Type: ipv4, Location: 中国-江苏-苏州, ISP: 移动, Date: None, Delay: 1316 ms, Speed: 0.00 M/s, Resolution: None
Name: 山东卫视, URL: https://zby.130519.xyz/PLTV/11/224/3221225733/index.m3u8, From: whitelist, IPv_Type: None, Location: None, ISP: None, Date: None, Delay: -1 ms, Speed: 0.00 M/s, Resolution: None
Name: 山东卫视, URL: http://go.bkpcp.top/mg/sdws, From: whitelist, IPv_Type: None, Location: None, ISP: None, Date: None, Delay: -1 ms, Speed: 0.00 M/s, Resolution: None
Name: 山东卫视, URL: http://iptv.huuc.edu.cn/hls/sdhd.m3u8, From: whitelist, IPv_Type: None, Location: None, ISP: None, Date: None, Delay: -1 ms, Speed: 0.00 M/s, Resolution: None
Name: 山东卫视, URL: http://satellitepull.cnr.cn/live/wxsdws/playlist.m3u8, From: subscribe, IPv_Type: ipv4, Location: 美国-伊利诺伊州-库克, ISP: 网宿CDN节点, Date: None, Delay: 10 ms, Speed: 10.04 M/s, Resolution: None
Name: 山东卫视, URL: http://222.169.85.8:9901/tsfile/live/0131_1.m3u8?key=txiptv&playlive=1&authid=0, From: subscribe, IPv_Type: ipv4, Location: 中国-吉林-辽源, ISP: 电信, Date: None, Delay: 10178 ms, Speed: 0.56 M/s, Resolution: 1920x1080
Name: 陕西卫视, URL: https://zby.130519.xyz/PLTV/11/224/3221226086/index.m3u8, From: whitelist, IPv_Type: None, Location: None, ISP: None, Date: None, Delay: -1 ms, Speed: 0.00 M/s, Resolution: None
Name: 陕西卫视, URL: http://go.bkpcp.top/mg/sxws, From: whitelist, IPv_Type: None, Location: None, ISP: None, Date: None, Delay: -1 ms, Speed: 0.00 M/s, Resolution: None
Name: 陕西卫视, URL: http://satellitepull.cnr.cn/live/wxsxxws/playlist.m3u8, From: subscribe, IPv_Type: ipv4, Location: 美国-伊利诺伊州-库克, ISP: 网宿CDN节点, Date: None, Delay: 8 ms, Speed: 11.00 M/s, Resolution: None
Name: 陕西卫视, URL: http://1.31.14.70:54321/hls/46/index.m3u8, From: subscribe, IPv_Type: ipv4, Location: 中国-内蒙古-赤峰, ISP: 联通, Date: None, Delay: 2816 ms, Speed: 0.89 M/s, Resolution: 720x576
Name: 陕西卫视, URL: http://222.169.85.8:9901/tsfile/live/0136_1.m3u8?key=txiptv&playlive=1&authid=0, From: subscribe, IPv_Type: ipv4, Location: 中国-吉林-辽源, ISP: 电信, Date: None, Delay: 10288 ms, Speed: 0.49 M/s, Resolution: 1920x1080
Name: 深圳卫视, URL: https://zby.130519.xyz/PLTV/11/224/3221225728/index.m3u8, From: whitelist, IPv_Type: None, Location: None, ISP: None, Date: None, Delay: -1 ms, Speed: 0.00 M/s, Resolution: None
Name: 深圳卫视, URL: http://go.bkpcp.top/mg/szws, From: whitelist, IPv_Type: None, Location: None, ISP: None, Date: None, Delay: -1 ms, Speed: 0.00 M/s, Resolution: None
Name: 深圳卫视, URL: http://iptv.huuc.edu.cn/hls/szhd.m3u8, From: whitelist, IPv_Type: None, Location: None, ISP: None, Date: None, Delay: -1 ms, Speed: 0.00 M/s, Resolution: None
Name: 深圳卫视, URL: http://satellitepull.cnr.cn/live/wxszws/playlist.m3u8, From: subscribe, IPv_Type: ipv4, Location: 美国-伊利诺伊州-库克, ISP: 网宿CDN节点, Date: None, Delay: 9 ms, Speed: 10.58 M/s, Resolution: None
Name: 深圳卫视, URL: http://1.31.14.70:54321/hls/40/index.m3u8, From: subscribe, IPv_Type: ipv4, Location: 中国-内蒙古-赤峰, ISP: 联通, Date: None, Delay: 3073 ms, Speed: 0.98 M/s, Resolution: 720x576
Name: 深圳卫视, URL: http://38.64.72.148:80/hls/modn/list/4007/playlist.m3u8, From: subscribe, IPv_Type: ipv4, Location: 美国-加利福尼亚州-洛杉矶, ISP: Cogent, Date: None, Delay: 4689 ms, Speed: 0.58 M/s, Resolution: None
Name: 广东卫视, URL: https://zby.130519.xyz/PLTV/11/224/3221225731/index.m3u8, From: whitelist, IPv_Type: None, Location: None, ISP: None, Date: None, Delay: -1 ms, Speed: 0.00 M/s, Resolution: None
Name: 广东卫视, URL: http://go.bkpcp.top/mg/gdws, From: whitelist, IPv_Type: None, Location: None, ISP: None, Date: None, Delay: -1 ms, Speed: 0.00 M/s, Resolution: None
Name: 广东卫视, URL: http://iptv.huuc.edu.cn/hls/gdhd.m3u8, From: whitelist, IPv_Type: None, Location: None, ISP: None, Date: None, Delay: -1 ms, Speed: 0.00 M/s, Resolution: None
Name: 广东卫视, URL: http://satellitepull.cnr.cn/live/wxgdws/playlist.m3u8, From: subscribe, IPv_Type: ipv4, Location: 美国-伊利诺伊州-库克, ISP: 网宿CDN节点, Date: None, Delay: 9 ms, Speed: 10.92 M/s, Resolution: None
Name: 广东卫视, URL: http://183.11.239.36:808/hls/80/index.m3u8, From: subscribe, IPv_Type: ipv4, Location: 中国-广东-深圳, ISP: 电信, Date: None, Delay: 10291 ms, Speed: 0.01 M/s, Resolution: None
Name: 兵团卫视, URL: https://zby.130519.xyz/PLTV/11/224/3221226111/index.m3u8, From: whitelist, IPv_Type: None, Location: None, ISP: None, Date: None, Delay: -1 ms, Speed: 0.00 M/s, Resolution: None
Name: 兵团卫视, URL: http://go.bkpcp.top/mg/btws, From: whitelist, IPv_Type: None, Location: None, ISP: None, Date: None, Delay: -1 ms, Speed: 0.00 M/s, Resolution: None
Name: 兵团卫视, URL: https://liveout.btzx.com.cn/62ds9e/yil08g.m3u8, From: whitelist, IPv_Type: None, Location: None, ISP: None, Date: None, Delay: -1 ms, Speed: 0.00 M/s, Resolution: None
Name: 安徽卫视, URL: https://zby.130519.xyz/PLTV/11/224/3221225739/index.m3u8, From: whitelist, IPv_Type: None, Location: None, ISP: None, Date: None, Delay: -1 ms, Speed: 0.00 M/s, Resolution: None
Name: 安徽卫视, URL: http://iptv.huuc.edu.cn/hls/ahhd.m3u8, From: whitelist, IPv_Type: None, Location: None, ISP: None, Date: None, Delay: -1 ms, Speed: 0.00 M/s, Resolution: None
Name: 安徽卫视, URL: http://satellitepull.cnr.cn/live/wxahws/playlist.m3u8, From: subscribe, IPv_Type: ipv4, Location: 美国-伊利诺伊州-库克, ISP: 网宿CDN节点, Date: None, Delay: 10 ms, Speed: 9.62 M/s, Resolution: None
Name: 重庆卫视, URL: https://zby.130519.xyz/PLTV/11/224/3221226171/index.m3u8, From: whitelist, IPv_Type: None, Location: None, ISP: None, Date: None, Delay: -1 ms, Speed: 0.00 M/s, Resolution: None
Name: 重庆卫视, URL: http://go.bkpcp.top/mg/cqws, From: whitelist, IPv_Type: None, Location: None, ISP: None, Date: None, Delay: -1 ms, Speed: 0.00 M/s, Resolution: None
Name: 重庆卫视, URL: http://iptv.huuc.edu.cn/hls/cqhd.m3u8, From: whitelist, IPv_Type: None, Location: None, ISP: None, Date: None, Delay: -1 ms, Speed: 0.00 M/s, Resolution: None
Name: 重庆卫视, URL: http://satellitepull.cnr.cn/live/wxcqws/playlist.m3u8, From: subscribe, IPv_Type: ipv4, Location: 美国-伊利诺伊州-库克, ISP: 网宿CDN节点, Date: None, Delay: 19 ms, Speed: 5.43 M/s, Resolution: None
Name: 重庆卫视, URL: http://39.164.180.36:19901/tsfile/live/0142_1.m3u8?key=txiptv&playlive=0&authid=0, From: subscribe, IPv_Type: ipv4, Location: 中国-河南-信阳, ISP: 移动, Date: None, Delay: 3666 ms, Speed: 1.50 M/s, Resolution: 1920x1080
Name: 东南卫视, URL: https://zby.130519.xyz/PLTV/11/224/3221225745/index.m3u8, From: whitelist, IPv_Type: None, Location: None, ISP: None, Date: None, Delay: -1 ms, Speed: 0.00 M/s, Resolution: None
Name: 东南卫视, URL: http://go.bkpcp.top/mg/dnws, From: whitelist, IPv_Type: None, Location: None, ISP: None, Date: None, Delay: -1 ms, Speed: 0.00 M/s, Resolution: None
Name: 东南卫视, URL: http://iptv.huuc.edu.cn/hls/dnhd.m3u8, From: whitelist, IPv_Type: None, Location: None, ISP: None, Date: None, Delay: -1 ms, Speed: 0.00 M/s, Resolution: None
Name: 东南卫视, URL: http://satellitepull.cnr.cn/live/wx32fjws/playlist.m3u8, From: subscribe, IPv_Type: ipv4, Location: 美国-伊利诺伊州-库克, ISP: 网宿CDN节点, Date: None, Delay: 8 ms, Speed: 11.51 M/s, Resolution: None
Name: 甘肃卫视, URL: https://zby.130519.xyz/PLTV/11/224/3221226090/index.m3u8, From: whitelist, IPv_Type: None, Location: None, ISP: None, Date: None, Delay: -1 ms, Speed: 0.00 M/s, Resolution: None
Name: 甘肃卫视, URL: http://go.bkpcp.top/mg/gsws, From: whitelist, IPv_Type: None, Location: None, ISP: None, Date: None, Delay: -1 ms, Speed: 0.00 M/s, Resolution: None
Name: 甘肃卫视, URL: http://satellitepull.cnr.cn/live/wxgsws/playlist.m3u8, From: subscribe, IPv_Type: ipv4, Location: 美国-伊利诺伊州-库克, ISP: 网宿CDN节点, Date: None, Delay: 13 ms, Speed: 7.69 M/s, Resolution: None
Name: 甘肃卫视, URL: http://1.31.14.70:54321/hls/45/index.m3u8, From: subscribe, IPv_Type: ipv4, Location: 中国-内蒙古-赤峰, ISP: 联通, Date: None, Delay: 3105 ms, Speed: 1.22 M/s, Resolution: 720x576
Name: 甘肃卫视, URL: http://39.164.180.36:19901/tsfile/live/0141_1.m3u8?key=txiptv&playlive=0&authid=0, From: subscribe, IPv_Type: ipv4, Location: 中国-河南-信阳, ISP: 移动, Date: None, Delay: 4549 ms, Speed: 1.09 M/s, Resolution: 1920x1080
Name: 广西卫视, URL: https://zby.130519.xyz/PLTV/11/224/3221226084/index.m3u8, From: whitelist, IPv_Type: None, Location: None, ISP: None, Date: None, Delay: -1 ms, Speed: 0.00 M/s, Resolution: None
Name: 广西卫视, URL: http://go.bkpcp.top/mg/gxws, From: whitelist, IPv_Type: None, Location: None, ISP: None, Date: None, Delay: -1 ms, Speed: 0.00 M/s, Resolution: None
Name: 广西卫视, URL: http://1.31.14.70:54321/hls/36/index.m3u8, From: subscribe, IPv_Type: ipv4, Location: 中国-内蒙古-赤峰, ISP: 联通, Date: None, Delay: 3054 ms, Speed: 1.07 M/s, Resolution: 720x576
Name: 贵州卫视, URL: https://zby.130519.xyz/PLTV/11/224/3221226173/index.m3u8, From: whitelist, IPv_Type: None, Location: None, ISP: None, Date: None, Delay: -1 ms, Speed: 0.00 M/s, Resolution: None
Name: 贵州卫视, URL: http://go.bkpcp.top/mg/gzws, From: whitelist, IPv_Type: None, Location: None, ISP: None, Date: None, Delay: -1 ms, Speed: 0.00 M/s, Resolution: None
Name: 贵州卫视, URL: http://satellitepull.cnr.cn/live/wx32gzws/playlist.m3u8, From: subscribe, IPv_Type: ipv4, Location: 美国-伊利诺伊州-库克, ISP: 网宿CDN节点, Date: None, Delay: 8 ms, Speed: 5.52 M/s, Resolution: None
Name: 贵州卫视, URL: http://1.31.14.70:54321/hls/33/index.m3u8, From: subscribe, IPv_Type: ipv4, Location: 中国-内蒙古-赤峰, ISP: 联通, Date: None, Delay: 10637 ms, Speed: 0.38 M/s, Resolution: 720x576
Name: 河南卫视, URL: https://zby.130519.xyz/PLTV/11/224/3221226132/index.m3u8, From: whitelist, IPv_Type: None, Location: None, ISP: None, Date: None, Delay: -1 ms, Speed: 0.00 M/s, Resolution: None
Name: 河南卫视, URL: http://go.bkpcp.top/mg/hnws, From: whitelist, IPv_Type: None, Location: None, ISP: None, Date: None, Delay: -1 ms, Speed: 0.00 M/s, Resolution: None
Name: 河南卫视, URL: http://lxajh.top/tv/hn.php?id=hnws, From: subscribe, IPv_Type: ipv4, Location: 中国-香港, ISP: , Date: None, Delay: 30 ms, Speed: 36.84 M/s, Resolution: 1920x1080
Name: 河南卫视, URL: http://1.94.31.214/php/hntv.php?id=hnws, From: subscribe, IPv_Type: ipv4, Location: 中国-上海-上海, ISP: 华为云, Date: None, Delay: 29 ms, Speed: 35.79 M/s, Resolution: 1920x1080
Name: 河南卫视, URL: http://satellitepull.cnr.cn/live/wxhnws/playlist.m3u8, From: subscribe, IPv_Type: ipv4, Location: 美国-伊利诺伊州-库克, ISP: 网宿CDN节点, Date: None, Delay: 9 ms, Speed: 11.21 M/s, Resolution: None
Name: 河南卫视, URL: http://1.31.14.70:54321/hls/44/index.m3u8, From: subscribe, IPv_Type: ipv4, Location: 中国-内蒙古-赤峰, ISP: 联通, Date: None, Delay: 10494 ms, Speed: 0.11 M/s, Resolution: 720x576
Name: 吉林卫视, URL: https://zby.130519.xyz/PLTV/11/224/3221226082/index.m3u8, From: whitelist, IPv_Type: None, Location: None, ISP: None, Date: None, Delay: -1 ms, Speed: 0.00 M/s, Resolution: None
Name: 吉林卫视, URL: https://zby.130519.xyz/PLTV/11/224/3221226149/index.m3u8, From: whitelist, IPv_Type: None, Location: None, ISP: None, Date: None, Delay: -1 ms, Speed: 0.00 M/s, Resolution: None
Name: 吉林卫视, URL: http://go.bkpcp.top/mg/jlws, From: whitelist, IPv_Type: None, Location: None, ISP: None, Date: None, Delay: -1 ms, Speed: 0.00 M/s, Resolution: None
Name: 吉林卫视, URL: http://satellitepull.cnr.cn/live/wxjlws/playlist.m3u8, From: subscribe, IPv_Type: ipv4, Location: 美国-伊利诺伊州-库克, ISP: 网宿CDN节点, Date: None, Delay: 9 ms, Speed: 10.43 M/s, Resolution: None
Name: 吉林卫视, URL: http://39.164.180.36:19901/tsfile/live/0116_1.m3u8?key=txiptv&playlive=0&authid=0, From: subscribe, IPv_Type: ipv4, Location: 中国-河南-信阳, ISP: 移动, Date: None, Delay: 5635 ms, Speed: 0.92 M/s, Resolution: 1920x1080
Name: 江西卫视, URL: https://zby.130519.xyz/PLTV/11/224/3221225740/index.m3u8, From: whitelist, IPv_Type: None, Location: None, ISP: None, Date: None, Delay: -1 ms, Speed: 0.00 M/s, Resolution: None
Name: 江西卫视, URL: http://go.bkpcp.top/mg/jxws, From: whitelist, IPv_Type: None, Location: None, ISP: None, Date: None, Delay: -1 ms, Speed: 0.00 M/s, Resolution: None
Name: 江西卫视, URL: http://iptv.huuc.edu.cn/hls/jxhd.m3u8, From: whitelist, IPv_Type: None, Location: None, ISP: None, Date: None, Delay: -1 ms, Speed: 0.00 M/s, Resolution: None
Name: 江西卫视, URL: http://satellitepull.cnr.cn/live/wx32jiangxws/playlist.m3u8, From: subscribe, IPv_Type: ipv4, Location: 美国-伊利诺伊州-库克, ISP: 网宿CDN节点, Date: None, Delay: 9 ms, Speed: 11.07 M/s, Resolution: None
Name: 江西卫视, URL: http://1.31.14.70:54321/hls/42/index.m3u8, From: subscribe, IPv_Type: ipv4, Location: 中国-内蒙古-赤峰, ISP: 联通, Date: None, Delay: 8928 ms, Speed: 0.59 M/s, Resolution: 720x576
Name: 辽宁卫视, URL: https://zby.130519.xyz/PLTV/11/224/3221225747/index.m3u8, From: whitelist, IPv_Type: None, Location: None, ISP: None, Date: None, Delay: -1 ms, Speed: 0.00 M/s, Resolution: None
Name: 辽宁卫视, URL: http://go.bkpcp.top/mg/lnws, From: whitelist, IPv_Type: None, Location: None, ISP: None, Date: None, Delay: -1 ms, Speed: 0.00 M/s, Resolution: None
Name: 辽宁卫视, URL: http://iptv.huuc.edu.cn/hls/lnhd.m3u8, From: whitelist, IPv_Type: None, Location: None, ISP: None, Date: None, Delay: -1 ms, Speed: 0.00 M/s, Resolution: None
Name: 内蒙古卫视, URL: https://zby.130519.xyz/PLTV/11/224/3221226011/index.m3u8, From: whitelist, IPv_Type: None, Location: None, ISP: None, Date: None, Delay: -1 ms, Speed: 0.00 M/s, Resolution: None
Name: 内蒙古卫视, URL: http://go.bkpcp.top/mg/nmws, From: whitelist, IPv_Type: None, Location: None, ISP: None, Date: None, Delay: -1 ms, Speed: 0.00 M/s, Resolution: None
Name: 内蒙古卫视, URL: http://satellitepull.cnr.cn/live/wx32nmgws/playlist.m3u8, From: subscribe, IPv_Type: ipv4, Location: 美国-伊利诺伊州-库克, ISP: 网宿CDN节点, Date: None, Delay: 9 ms, Speed: 10.17 M/s, Resolution: None
Name: 内蒙古卫视, URL: https://ali-m-l.cztv.com/channels/lantian/channel007/1080p.m3u8, From: subscribe, IPv_Type: ipv4, Location: 中国-上海-上海, ISP: 电信, Date: None, Delay: 2469 ms, Speed: 0.72 M/s, Resolution: 1920x1080
Name: 内蒙古卫视, URL: http://112.99.193.34:9901/tsfile/live/1049_1.m3u8?, From: subscribe, IPv_Type: ipv4, Location: 中国-黑龙江-大庆, ISP: 电信, Date: None, Delay: 10780 ms, Speed: 0.12 M/s, Resolution: 720x576
Name: 宁夏卫视, URL: https://zby.130519.xyz/PLTV/11/224/3221226092/index.m3u8, From: whitelist, IPv_Type: None, Location: None, ISP: None, Date: None, Delay: -1 ms, Speed: 0.00 M/s, Resolution: None
Name: 宁夏卫视, URL: http://go.bkpcp.top/mg/nxws, From: whitelist, IPv_Type: None, Location: None, ISP: None, Date: None, Delay: -1 ms, Speed: 0.00 M/s, Resolution: None
Name: 宁夏卫视, URL: http://satellitepull.cnr.cn/live/wxnxws/playlist.m3u8, From: subscribe, IPv_Type: ipv4, Location: 美国-伊利诺伊州-库克, ISP: 网宿CDN节点, Date: None, Delay: 10 ms, Speed: 9.56 M/s, Resolution: None
Name: 宁夏卫视, URL: http://1.31.14.70:54321/hls/30/index.m3u8, From: subscribe, IPv_Type: ipv4, Location: 中国-内蒙古-赤峰, ISP: 联通, Date: None, Delay: 2603 ms, Speed: 0.97 M/s, Resolution: 720x576
Name: 青海卫视, URL: https://zby.130519.xyz/PLTV/11/224/3221226105/index.m3u8, From: whitelist, IPv_Type: None, Location: None, ISP: None, Date: None, Delay: -1 ms, Speed: 0.00 M/s, Resolution: None
Name: 青海卫视, URL: http://go.bkpcp.top/mg/qhws, From: whitelist, IPv_Type: None, Location: None, ISP: None, Date: None, Delay: -1 ms, Speed: 0.00 M/s, Resolution: None
Name: 青海卫视, URL: http://satellitepull.cnr.cn/live/wx32qhws/playlist.m3u8, From: subscribe, IPv_Type: ipv4, Location: 美国-伊利诺伊州-库克, ISP: 网宿CDN节点, Date: None, Delay: 10 ms, Speed: 8.50 M/s, Resolution: None
Name: 青海卫视, URL: http://1.31.14.70:54321/hls/43/index.m3u8, From: subscribe, IPv_Type: ipv4, Location: 中国-内蒙古-赤峰, ISP: 联通, Date: None, Delay: 3322 ms, Speed: 1.19 M/s, Resolution: 720x576
Name: 青海卫视, URL: http://39.164.180.36:19901/tsfile/live/0140_1.m3u8?key=txiptv&playlive=0&authid=0, From: subscribe, IPv_Type: ipv4, Location: 中国-河南-信阳, ISP: 移动, Date: None, Delay: 5898 ms, Speed: 0.87 M/s, Resolution: 1920x1080
Name: 山西卫视, URL: https://zby.130519.xyz/PLTV/11/224/3221226113/index.m3u8, From: whitelist, IPv_Type: None, Location: None, ISP: None, Date: None, Delay: -1 ms, Speed: 0.00 M/s, Resolution: None
Name: 山西卫视, URL: http://satellitepull.cnr.cn/live/wxssxws/playlist.m3u8, From: subscribe, IPv_Type: ipv4, Location: 美国-伊利诺伊州-库克, ISP: 网宿CDN节点, Date: None, Delay: 10 ms, Speed: 10.44 M/s, Resolution: None
Name: 山西卫视, URL: http://39.164.180.36:19901/tsfile/live/0118_1.m3u8?key=txiptv&playlive=0&authid=0, From: subscribe, IPv_Type: ipv4, Location: 中国-河南-信阳, ISP: 移动, Date: None, Delay: 6583 ms, Speed: 0.76 M/s, Resolution: 1920x1080
Name: 四川卫视, URL: https://zby.130519.xyz/PLTV/11/224/3221226152/index.m3u8, From: whitelist, IPv_Type: None, Location: None, ISP: None, Date: None, Delay: -1 ms, Speed: 0.00 M/s, Resolution: None
Name: 四川卫视, URL: http://iptv.huuc.edu.cn/hls/schd.m3u8, From: whitelist, IPv_Type: None, Location: None, ISP: None, Date: None, Delay: -1 ms, Speed: 0.00 M/s, Resolution: None
Name: 四川卫视, URL: http://satellitepull.cnr.cn/live/wxscws/playlist.m3u8, From: subscribe, IPv_Type: ipv4, Location: 美国-伊利诺伊州-库克, ISP: 网宿CDN节点, Date: None, Delay: 10 ms, Speed: 10.92 M/s, Resolution: None
Name: 四川卫视, URL: http://39.164.180.36:19901/tsfile/live/0123_1.m3u8?key=txiptv&playlive=0&authid=0, From: subscribe, IPv_Type: ipv4, Location: 中国-河南-信阳, ISP: 移动, Date: None, Delay: 7150 ms, Speed: 0.68 M/s, Resolution: 1920x1080
Name: 天津卫视, URL: https://zby.130519.xyz/PLTV/11/224/3221225742/index.m3u8, From: whitelist, IPv_Type: None, Location: None, ISP: None, Date: None, Delay: -1 ms, Speed: 0.00 M/s, Resolution: None
Name: 天津卫视, URL: http://iptv.huuc.edu.cn/hls/tjhd.m3u8, From: whitelist, IPv_Type: None, Location: None, ISP: None, Date: None, Delay: -1 ms, Speed: 0.00 M/s, Resolution: None
Name: 天津卫视, URL: http://39.164.180.36:19901/tsfile/live/0135_1.m3u8?key=txiptv&playlive=0&authid=0, From: subscribe, IPv_Type: ipv4, Location: 中国-河南-信阳, ISP: 移动, Date: None, Delay: 10980 ms, Speed: 0.10 M/s, Resolution: 1920x1080
Name: 西藏卫视, URL: https://zby.130519.xyz/PLTV/11/224/3221225767/index.m3u8, From: whitelist, IPv_Type: None, Location: None, ISP: None, Date: None, Delay: -1 ms, Speed: 0.00 M/s, Resolution: None
Name: 西藏卫视, URL: http://go.bkpcp.top/mg/xzws, From: whitelist, IPv_Type: None, Location: None, ISP: None, Date: None, Delay: -1 ms, Speed: 0.00 M/s, Resolution: None
Name: 西藏卫视, URL: http://satellitepull.cnr.cn/live/wxxzws/playlist.m3u8, From: subscribe, IPv_Type: ipv4, Location: 美国-伊利诺伊州-库克, ISP: 网宿CDN节点, Date: None, Delay: 9 ms, Speed: 11.62 M/s, Resolution: None
Name: 西藏卫视, URL: http://1.31.14.70:54321/hls/52/index.m3u8, From: subscribe, IPv_Type: ipv4, Location: 中国-内蒙古-赤峰, ISP: 联通, Date: None, Delay: 2306 ms, Speed: 0.80 M/s, Resolution: 720x576
Name: 新疆卫视, URL: https://zby.130519.xyz/PLTV/11/224/3221226088/index.m3u8, From: whitelist, IPv_Type: None, Location: None, ISP: None, Date: None, Delay: -1 ms, Speed: 0.00 M/s, Resolution: None
Name: 新疆卫视, URL: http://go.bkpcp.top/mg/xjws, From: whitelist, IPv_Type: None, Location: None, ISP: None, Date: None, Delay: -1 ms, Speed: 0.00 M/s, Resolution: None
Name: 新疆卫视, URL: http://satellitepull.cnr.cn/live/wxxjws/playlist.m3u8, From: subscribe, IPv_Type: ipv4, Location: 美国-伊利诺伊州-库克, ISP: 网宿CDN节点, Date: None, Delay: 10 ms, Speed: 10.73 M/s, Resolution: None
Name: 新疆卫视, URL: http://1.31.14.70:54321/hls/31/index.m3u8, From: subscribe, IPv_Type: ipv4, Location: 中国-内蒙古-赤峰, ISP: 联通, Date: None, Delay: 2699 ms, Speed: 1.08 M/s, Resolution: 720x576
Name: 云南卫视, URL: https://zby.130519.xyz/PLTV/11/224/3221226151/index.m3u8, From: whitelist, IPv_Type: None, Location: None, ISP: None, Date: None, Delay: -1 ms, Speed: 0.00 M/s, Resolution: None
Name: 云南卫视, URL: http://go.bkpcp.top/mg/ynws, From: whitelist, IPv_Type: None, Location: None, ISP: None, Date: None, Delay: -1 ms, Speed: 0.00 M/s, Resolution: None
Name: 云南卫视, URL: http://satellitepull.cnr.cn/live/wxynws/playlist.m3u8, From: subscribe, IPv_Type: ipv4, Location: 美国-伊利诺伊州-库克, ISP: 网宿CDN节点, Date: None, Delay: 9 ms, Speed: 11.16 M/s, Resolution: None
Name: 云南卫视, URL: http://1.31.14.70:54321/hls/37/index.m3u8, From: subscribe, IPv_Type: ipv4, Location: 中国-内蒙古-赤峰, ISP: 联通, Date: None, Delay: 5079 ms, Speed: 0.71 M/s, Resolution: 720x576
Name: 康巴卫视, URL: https://zby.130519.xyz/PLTV/11/224/3221225773/index.m3u8, From: whitelist, IPv_Type: None, Location: None, ISP: None, Date: None, Delay: -1 ms, Speed: 0.00 M/s, Resolution: None
Name: 厦门卫视, URL: https://zby.130519.xyz/PLTV/11/224/3221226008/index.m3u8, From: whitelist, IPv_Type: None, Location: None, ISP: None, Date: None, Delay: -1 ms, Speed: 0.00 M/s, Resolution: None
Name: 上海纪实, URL: http://iptv.huuc.edu.cn/hls/docuchina.m3u8, From: whitelist, IPv_Type: None, Location: None, ISP: None, Date: None, Delay: -1 ms, Speed: 0.00 M/s, Resolution: None
Name: 金鹰纪实, URL: http://iptv.huuc.edu.cn/hls/gedocu.m3u8, From: whitelist, IPv_Type: None, Location: None, ISP: None, Date: None, Delay: -1 ms, Speed: 0.00 M/s, Resolution: None
Name: CGTN英语, URL: https://0472.org/hls/cgtn.m3u8, From: whitelist, IPv_Type: None, Location: None, ISP: None, Date: None, Delay: -1 ms, Speed: 0.00 M/s, Resolution: None
Name: CGTN记录, URL: https://0472.org/hls/cgtnd.m3u8, From: whitelist, IPv_Type: None, Location: None, ISP: None, Date: None, Delay: -1 ms, Speed: 0.00 M/s, Resolution: None
Name: BBC新闻, URL: https://vs-hls-push-ww-live.akamaized.net/x=4/i=urn:bbc:pips:service:bbc_news_channel_hd/t=3840/v=pv14/b=5070016/main.m3u8, From: whitelist, IPv_Type: None, Location: None, ISP: None, Date: None, Delay: -1 ms, Speed: 0.00 M/s, Resolution: None
Name: BBC新闻, URL: http://198.16.100.186:8278/bbc2_antik/playlist.m3u8?tid=MABA3261818232618182&ct=19254&tsum=3aebf2128ba27b23c78bfd4160c63750, From: whitelist, IPv_Type: None, Location: None, ISP: None, Date: None, Delay: -1 ms, Speed: 0.00 M/s, Resolution: None
Name: 凤凰中文, URL: http://43.152.143.193:80/1.v.smtcdns.net/tvlive.fengshows.cn/live/0701pcc72.flv, From: whitelist, IPv_Type: None, Location: None, ISP: None, Date: None, Delay: -1 ms, Speed: 0.00 M/s, Resolution: None
Name: 凤凰中文, URL: https://cdn.iptv8k.top/dl/jrys.php?id=19&time=20240926215313&ip=111.229.253.40, From: subscribe, IPv_Type: ipv4, Location: 美国, ISP: CloudFlare节点, Date: None, Delay: 17 ms, Speed: 17.86 M/s, Resolution: 1920x1080
Name: 凤凰中文, URL: http://playtv-live.ifeng.com/live/06OLEGEGM4G_audio.m3u8, From: subscribe, IPv_Type: ipv4, Location: 美国-加利福尼亚州-圣克拉拉, ISP: 腾讯云, Date: None, Delay: 849 ms, Speed: 0.08 M/s, Resolution: None
Name: 莲花卫视, URL: http://1033946631.cloudvdn.com/a.m3u8?domain=live-hdl.macaulotustv.com&player=1&streamid=lotustv:lotustv/macaulotustv&v3=1, From: whitelist, IPv_Type: None, Location: None, ISP: None, Date: None, Delay: -1 ms, Speed: 0.00 M/s, Resolution: None
Name: 莲花卫视, URL: http://live-hls.macaulotustv.com/lotustv/macaulotustv.m3u8, From: subscribe, IPv_Type: ipv4, Location: 美国, ISP: , Date: None, Delay: 195 ms, Speed: 2.66 M/s, Resolution: 1920x1080
Name: 翡翠台, URL: https://cdn.iptv8k.top/dl/jrys.php?id=3&time=20240926215313&ip=111.229.253.40『线路08』, From: subscribe, IPv_Type: ipv4, Location: 美国, ISP: CloudFlare节点, Date: None, Delay: 15 ms, Speed: 21.24 M/s, Resolution: 1920x1080
Name: CNN新闻, URL: https://turnerlive.warnermediacdn.com/hls/live/586495/cnngo/cnn_slate/VIDEO_4_1064000.m3u8, From: whitelist, IPv_Type: None, Location: None, ISP: None, Date: None, Delay: -1 ms, Speed: 0.00 M/s, Resolution: None
Name: 新加坡中文, URL: https://d2e1asnsl7br7b.cloudfront.net/7782e205e72f43aeb4a48ec97f66ebbe/index_4.m3u8, From: whitelist, IPv_Type: None, Location: None, ISP: None, Date: None, Delay: -1 ms, Speed: 0.00 M/s, Resolution: None
Name: 新加坡中文, URL: https://d2e1asnsl7br7b.cloudfront.net/7782e205e72f43aeb4a48ec97f66ebbe/index_4.m3u8?zshijd, From: whitelist, IPv_Type: None, Location: None, ISP: None, Date: None, Delay: -1 ms, Speed: 0.00 M/s, Resolution: None
Name: 时尚TV, URL: http://lb.streaming.sk/fashiontv/stream/chunklist_w765383554.m3u8, From: whitelist, IPv_Type: None, Location: None, ISP: None, Date: None, Delay: -1 ms, Speed: 0.00 M/s, Resolution: None
Name: 东方财经, URL: https://zby.130519.xyz/PLTV/11/224/3221226134/index.m3u8, From: whitelist, IPv_Type: None, Location: None, ISP: None, Date: None, Delay: -1 ms, Speed: 0.00 M/s, Resolution: None
Name: 都市剧场, URL: https://zby.130519.xyz/PLTV/11/224/3221225762/index.m3u8, From: whitelist, IPv_Type: None, Location: None, ISP: None, Date: None, Delay: -1 ms, Speed: 0.00 M/s, Resolution: None
Name: 都市剧场, URL: https://zby.130519.xyz/PLTV/11/224/3221226155/index.m3u8, From: whitelist, IPv_Type: None, Location: None, ISP: None, Date: None, Delay: -1 ms, Speed: 0.00 M/s, Resolution: None
Name: 都市剧场, URL: https://satellitepull.cnr.cn/live/wxcqxwgb/playlist.m3u8, From: subscribe, IPv_Type: ipv4, Location: 美国-伊利诺伊州-库克, ISP: 网宿CDN节点, Date: None, Delay: 15 ms, Speed: 7.87 M/s, Resolution: None
Name: 江苏新闻, URL: http://jinhu-tv-hls.cm.jstv.com/jinhu-tv/jinhuzh.m3u8?zjiangsd, From: whitelist, IPv_Type: None, Location: None, ISP: None, Date: None, Delay: -1 ms, Speed: 0.00 M/s, Resolution: None
Name: 无锡新闻, URL: http://stream.thmz.com/wxtv3/playlist.m3u8, From: whitelist, IPv_Type: None, Location: None, ISP: None, Date: None, Delay: -1 ms, Speed: 0.00 M/s, Resolution: None
Name: 无锡新闻, URL: http://stream.thmz.com/wxtv1/playlist.m3u8?_upt=b27ac8431707368778, From: whitelist, IPv_Type: None, Location: None, ISP: None, Date: None, Delay: -1 ms, Speed: 0.00 M/s, Resolution: None
Name: 浙江新闻, URL: http://ali-m-l.cztv.com/channels/lantian/channel007/1080p.m3u8, From: whitelist, IPv_Type: None, Location: None, ISP: None, Date: None, Delay: -1 ms, Speed: 0.00 M/s, Resolution: None
Name: 浙江新闻, URL: https://ali-m-l.cztv.com/channels/lantian/channel007/1080p.m3u8?, From: subscribe, IPv_Type: ipv4, Location: 中国-上海-上海, ISP: 电信, Date: None, Delay: 2382 ms, Speed: 0.77 M/s, Resolution: 1920x1080
Name: 浙江新闻, URL: http://ali-m-l.cztv.com/channels/lantian/channel07/720p.m3u8, From: subscribe, IPv_Type: ipv4, Location: 中国-上海-上海, ISP: 电信, Date: None, Delay: 1918 ms, Speed: 0.74 M/s, Resolution: 1280x720
Name: 浙江新闻, URL: http://ali-m-l.cztv.com/channels/lantian/channel007/1080p.m3u8?zzhed, From: subscribe, IPv_Type: ipv4, Location: 中国-上海-上海, ISP: 电信, Date: None, Delay: 2820 ms, Speed: 0.74 M/s, Resolution: 1920x1080
Name: 浙江新闻, URL: https://ali-m-l.cztv.com/channels/lantian/channel07/720p.m3u8, From: subscribe, IPv_Type: ipv4, Location: 中国-上海-上海, ISP: 电信, Date: None, Delay: 2286 ms, Speed: 0.69 M/s, Resolution: 1280x720
Name: 浙江新闻, URL: http://ali-m-l.cztv.com/channels/lantian/channel007/720p.m3u8, From: subscribe, IPv_Type: ipv4, Location: 中国-上海-上海, ISP: 电信, Date: None, Delay: 10232 ms, Speed: 0.17 M/s, Resolution: 1280x720
Name: 绍兴综合, URL: http://live.shaoxing.com.cn/video/s10001-sxhb/index.m3u8?zzhed, From: whitelist, IPv_Type: None, Location: None, ISP: None, Date: None, Delay: -1 ms, Speed: 0.00 M/s, Resolution: None
Name: 绍兴综合, URL: http://live.shaoxing.com.cn/video/s10001-sxtv1/index.m3u8$山东酒店源-cache:http://47.104.102.192/ZHGXTV/Public/json/live_interface.txt, From: hotel, IPv_Type: ipv4, Location: 中国-浙江-绍兴, ISP: 电信, Date: None, Delay: 3774 ms, Speed: 0.20 M/s, Resolution: 720x576
Name: 上虞综合, URL: http://l.cztvcloud.com/channels/lantian/SXshangyu1/720p.m3u8?zzhed, From: whitelist, IPv_Type: None, Location: None, ISP: None, Date: None, Delay: -1 ms, Speed: 0.00 M/s, Resolution: None
Name: 广州综合, URL: https://tencentplay.gztv.com/live/zonghes.m3u8?txSecret=48f6c06c32931ed1c2376b21ce91640c&txTime=18d1f31b604, From: whitelist, IPv_Type: None, Location: None, ISP: None, Date: None, Delay: -1 ms, Speed: 0.00 M/s, Resolution: None
Name: 广州综合, URL: https://tencentplay.gztv.com/live/zonghes.m3u8?txSecret=ae488fe9d79a8f3de023521ce7ce0766&txTime=18f2ea2cacf, From: whitelist, IPv_Type: None, Location: None, ISP: None, Date: None, Delay: -1 ms, Speed: 0.00 M/s, Resolution: None
Name: 广州综合, URL: https://tencentplay.gztv.com/live/zonghes.m3u8?txSecret=f0147ae6453a80f5989f382368b72aad&txTime=18d00acf487, From: subscribe, IPv_Type: ipv4, Location: 中国-安徽-合肥, ISP: 鹏博士长城宽带, Date: None, Delay: 10786 ms, Speed: 0.01 M/s, Resolution: None
Name: 阳江综合, URL: http://183.236.161.100:8962/live1173.m3u8, From: whitelist, IPv_Type: None, Location: None, ISP: None, Date: None, Delay: -1 ms, Speed: 0.00 M/s, Resolution: None
Name: 阳江综合, URL: https://live.yjtvw.com:8081/live/yjtv1.m3u8, From: whitelist, IPv_Type: None, Location: None, ISP: None, Date: None, Delay: -1 ms, Speed: 0.00 M/s, Resolution: None
Name: 桂林综合, URL: https://pull.gltvs.com/live/glxw/playlist.m3u8?v=b0528684bf934e120e1c30fc808e6576&t=1796868188, From: whitelist, IPv_Type: None, Location: None, ISP: None, Date: None, Delay: -1 ms, Speed: 0.00 M/s, Resolution: None
Name: DJ音乐1, URL: https://vd3.bdstatic.com/mda-nda3jnm5kjr0pzkk/480p/h264_delogo/1649645090089685317/mda-nda3jnm5kjr0pzkk.mp4, From: whitelist, IPv_Type: None, Location: None, ISP: None, Date: None, Delay: -1 ms, Speed: 0.00 M/s, Resolution: None
Name: DJ音乐1, URL: https://vd4.bdstatic.com/mda-ndc2akp3ve971zsx/480p/h264_delogo/1649813962979142773/mda-ndc2akp3ve971zsx.mp4, From: whitelist, IPv_Type: None, Location: None, ISP: None, Date: None, Delay: -1 ms, Speed: 0.00 M/s, Resolution: None
Name: DJ音乐1, URL: https://vd3.bdstatic.com/mda-ndd2kbfrvgzzt5zc/480p/h264_delogo/1649901097405881759/mda-ndd2kbfrvgzzt5zc.mp4, From: whitelist, IPv_Type: None, Location: None, ISP: None, Date: None, Delay: -1 ms, Speed: 0.00 M/s, Resolution: None
Name: DJ音乐1, URL: https://vd4.bdstatic.com/mda-ndec79cmtjbdznfb/480p/h264_delogo/1650012233317163165/mda-ndec79cmtjbdznfb.mp4, From: whitelist, IPv_Type: None, Location: None, ISP: None, Date: None, Delay: -1 ms, Speed: 0.00 M/s, Resolution: None
Name: DJ音乐1, URL: https://vd4.bdstatic.com/mda-ndhdtit37qtisjda/480p/h264_delogo/1650275228081595455/mda-ndhdtit37qtisjda.mp4, From: whitelist, IPv_Type: None, Location: None, ISP: None, Date: None, Delay: -1 ms, Speed: 0.00 M/s, Resolution: None
Name: DJ音乐2, URL: https://vd3.bdstatic.com/mda-ndd3yrxmmfyci3b9/480p/h264_delogo/1649904694120096435/mda-ndd3yrxmmfyci3b9.mp4, From: whitelist, IPv_Type: None, Location: None, ISP: None, Date: None, Delay: -1 ms, Speed: 0.00 M/s, Resolution: None
Name: DJ音乐2, URL: https://vd3.bdstatic.com/mda-ndf2e5d2bsgftwrt/480p/h264_delogo/1650073422791087790/mda-ndf2e5d2bsgftwrt.mp4, From: whitelist, IPv_Type: None, Location: None, ISP: None, Date: None, Delay: -1 ms, Speed: 0.00 M/s, Resolution: None
Name: DJ音乐2, URL: https://vd2.bdstatic.com/mda-ncn28jk4b66yj318/480p/h264_delogo/1647999428356973409/mda-ncn28jk4b66yj318.mp4, From: whitelist, IPv_Type: None, Location: None, ISP: None, Date: None, Delay: -1 ms, Speed: 0.00 M/s, Resolution: None
Name: DJ音乐2, URL: https://vd3.bdstatic.com/mda-nd53ytstfqsu5qr5/480p/h264_delogo/1649214359850036018/mda-nd53ytstfqsu5qr5.mp4, From: whitelist, IPv_Type: None, Location: None, ISP: None, Date: None, Delay: -1 ms, Speed: 0.00 M/s, Resolution: None
Name: DJ音乐2, URL: https://vd2.bdstatic.com/mda-nd44sygreax18jk5/480p/h264_delogo/1649130017612498270/mda-nd44sygreax18jk5.mp4, From: whitelist, IPv_Type: None, Location: None, ISP: None, Date: None, Delay: -1 ms, Speed: 0.00 M/s, Resolution: None
Name: DJ音乐3, URL: https://vd2.bdstatic.com/mda-ndd0byuyrw19vv2g/480p/h264_delogo/1649895616476076795/mda-ndd0byuyrw19vv2g.mp4, From: whitelist, IPv_Type: None, Location: None, ISP: None, Date: None, Delay: -1 ms, Speed: 0.00 M/s, Resolution: None
Name: DJ音乐3, URL: https://vd4.bdstatic.com/mda-nda2b774z37ig4yh/480p/h264_delogo/1649641534392565187/mda-nda2b774z37ig4yh.mp4, From: whitelist, IPv_Type: None, Location: None, ISP: None, Date: None, Delay: -1 ms, Speed: 0.00 M/s, Resolution: None
Name: DJ音乐3, URL: https://vd2.bdstatic.com/mda-nde1zha2ickju5ui/480p/h264_delogo/1649986202699266753/mda-nde1zha2ickju5ui.mp4, From: whitelist, IPv_Type: None, Location: None, ISP: None, Date: None, Delay: -1 ms, Speed: 0.00 M/s, Resolution: None
Name: DJ音乐3, URL: https://vd2.bdstatic.com/mda-nde83jtsrx9345ai/480p/h264_delogo/1650001792789333244/mda-nde83jtsrx9345ai.mp4, From: whitelist, IPv_Type: None, Location: None, ISP: None, Date: None, Delay: -1 ms, Speed: 0.00 M/s, Resolution: None
Name: DJ音乐3, URL: https://vd3.bdstatic.com/mda-ndd9pwn5djrh80tn/480p/h264_delogo/1649919370531344965/mda-ndd9pwn5djrh80tn.mp4, From: whitelist, IPv_Type: None, Location: None, ISP: None, Date: None, Delay: -1 ms, Speed: 0.00 M/s, Resolution: None
Name: 金鹰卡通, URL: https://zby.130519.xyz/PLTV/11/224/3221226094/index.m3u8, From: whitelist, IPv_Type: None, Location: None, ISP: None, Date: None, Delay: -1 ms, Speed: 0.00 M/s, Resolution: None
Name: 哈哈炫动, URL: https://zby.130519.xyz/PLTV/11/224/3221226161/index.m3u8, From: whitelist, IPv_Type: None, Location: None, ISP: None, Date: None, Delay: -1 ms, Speed: 0.00 M/s, Resolution: None
Name: 哈哈炫动, URL: https://zby.130519.xyz/PLTV/11/224/3221226175/index.m3u8, From: whitelist, IPv_Type: None, Location: None, ISP: None, Date: None, Delay: -1 ms, Speed: 0.00 M/s, Resolution: None
Name: 卡酷少儿, URL: https://zby.130519.xyz/PLTV/11/224/3221226019/index.m3u8, From: whitelist, IPv_Type: None, Location: None, ISP: None, Date: None, Delay: -1 ms, Speed: 0.00 M/s, Resolution: None
Name: 嘉佳卡通, URL: https://zby.130519.xyz/PLTV/11/224/3221226021/index.m3u8, From: whitelist, IPv_Type: None, Location: None, ISP: None, Date: None, Delay: -1 ms, Speed: 0.00 M/s, Resolution: None
