Category: 央视频道, Name: CCTV-1, Total: 7, Valid: 4, Valid Percent: 57.14%, Whitelist: 2, IPv4: 5, IPv6: 0, Min Delay: 3341 ms, Max Speed: 1.12 M/s, Avg Speed: 0.36 M/s, Max Resolution: 1920x1080
Category: 央视频道, Name: CCTV-2, Total: 8, Valid: 5, Valid Percent: 62.50%, Whitelist: 2, IPv4: 6, IPv6: 0, Min Delay: 2859 ms, Max Speed: 1.87 M/s, Avg Speed: 0.77 M/s, Max Resolution: 1920x1080
Category: 央视频道, Name: CCTV-3, Total: 9, Valid: 5, Valid Percent: 55.56%, Whitelist: 2, IPv4: 7, IPv6: 0, Min Delay: 260 ms, Max Speed: 2.39 M/s, Avg Speed: 0.92 M/s, Max Resolution: 1920x1080
Category: 央视频道, Name: CCTV-4, Total: 9, Valid: 5, Valid Percent: 55.56%, Whitelist: 2, IPv4: 7, IPv6: 0, Min Delay: 261 ms, Max Speed: 1.65 M/s, Avg Speed: 0.36 M/s, Max Resolution: 1920x1080
Category: 央视频道, Name: CCTV-5, Total: 9, Valid: 6, Valid Percent: 66.67%, Whitelist: 2, IPv4: 7, IPv6: 0, Min Delay: 2604 ms, Max Speed: 2.16 M/s, Avg Speed: 0.70 M/s, Max Resolution: 1920x1080
Category: 央视频道, Name: CCTV-5+, Total: 7, Valid: 6, Valid Percent: 85.71%, Whitelist: 1, IPv4: 6, IPv6: 0, Min Delay: 2816 ms, Max Speed: 2.28 M/s, Avg Speed: 0.77 M/s, Max Resolution: 1920x1080
Category: 央视频道, Name: CCTV-6, Total: 8, Valid: 5, Valid Percent: 62.50%, Whitelist: 2, IPv4: 6, IPv6: 0, Min Delay: 2345 ms, Max Speed: 2.05 M/s, Avg Speed: 0.85 M/s, Max Resolution: 1920x1080
Category: 央视频道, Name: CCTV-7, Total: 8, Valid: 3, Valid Percent: 37.50%, Whitelist: 2, IPv4: 6, IPv6: 0, Min Delay: 260 ms, Max Speed: 1.95 M/s, Avg Speed: 0.70 M/s, Max Resolution: 1920x1080
Category: 央视频道, Name: CCTV-8, Total: 9, Valid: 4, Valid Percent: 44.44%, Whitelist: 2, IPv4: 7, IPv6: 0, Min Delay: 260 ms, Max Speed: 1.79 M/s, Avg Speed: 0.49 M/s, Max Resolution: 1920x1080
Category: 央视频道, Name: CCTV-9, Total: 9, Valid: 6, Valid Percent: 66.67%, Whitelist: 2, IPv4: 7, IPv6: 0, Min Delay: 3062 ms, Max Speed: 2.03 M/s, Avg Speed: 0.72 M/s, Max Resolution: 1920x1080
Category: 央视频道, Name: CCTV-10, Total: 8, Valid: 5, Valid Percent: 62.50%, Whitelist: 2, IPv4: 6, IPv6: 0, Min Delay: 2846 ms, Max Speed: 2.20 M/s, Avg Speed: 0.89 M/s, Max Resolution: 1920x1080
Category: 央视频道, Name: CCTV-11, Total: 8, Valid: 5, Valid Percent: 62.50%, Whitelist: 2, IPv4: 6, IPv6: 0, Min Delay: 2574 ms, Max Speed: 2.44 M/s, Avg Speed: 0.95 M/s, Max Resolution: 1920x1080
Category: 央视频道, Name: CCTV-12, Total: 8, Valid: 4, Valid Percent: 50.00%, Whitelist: 2, IPv4: 6, IPv6: 0, Min Delay: 2549 ms, Max Speed: 2.44 M/s, Avg Speed: 1.27 M/s, Max Resolution: 1920x1080
Category: 央视频道, Name: CCTV-13, Total: 7, Valid: 4, Valid Percent: 57.14%, Whitelist: 2, IPv4: 5, IPv6: 0, Min Delay: 2302 ms, Max Speed: 1.02 M/s, Avg Speed: 0.60 M/s, Max Resolution: 1920x1080
Category: 央视频道, Name: CCTV-14, Total: 7, Valid: 4, Valid Percent: 57.14%, Whitelist: 2, IPv4: 5, IPv6: 0, Min Delay: 2564 ms, Max Speed: 2.37 M/s, Avg Speed: 1.24 M/s, Max Resolution: 1920x1080
Category: 央视频道, Name: CCTV-15, Total: 8, Valid: 6, Valid Percent: 75.00%, Whitelist: 1, IPv4: 7, IPv6: 0, Min Delay: 2599 ms, Max Speed: 2.42 M/s, Avg Speed: 0.83 M/s, Max Resolution: 1920x1080
Category: 央视频道, Name: CCTV-16, Total: 4, Valid: 2, Valid Percent: 50.00%, Whitelist: 1, IPv4: 3, IPv6: 0, Min Delay: 261 ms, Max Speed: 0.01 M/s, Avg Speed: 0.01 M/s, Max Resolution: None
Category: 央视频道, Name: CCTV-17, Total: 7, Valid: 5, Valid Percent: 71.43%, Whitelist: 1, IPv4: 6, IPv6: 0, Min Delay: 2389 ms, Max Speed: 2.25 M/s, Avg Speed: 0.92 M/s, Max Resolution: 1920x1080
Category: 央视频道, Name: CGTN, Total: 3, Valid: 1, Valid Percent: 33.33%, Whitelist: 2, IPv4: 1, IPv6: 0, Min Delay: 10202 ms, Max Speed: 0.25 M/s, Avg Speed: 0.25 M/s, Max Resolution: 720x576
Category: 央视频道, Name: CGTN英语, Total: 1, Valid: 0, Valid Percent: 0.00%, Whitelist: 1, IPv4: 0, IPv6: 0, Min Delay: -1 ms, Max Speed: 0.00 M/s, Avg Speed: 0.00 M/s, Max Resolution: None
Category: 央视频道, Name: CGTN记录, Total: 1, Valid: 0, Valid Percent: 0.00%, Whitelist: 1, IPv4: 0, IPv6: 0, Min Delay: -1 ms, Max Speed: 0.00 M/s, Avg Speed: 0.00 M/s, Max Resolution: None
Category: 央视频道, Name: CCTV欧洲, Total: 1, Valid: 0, Valid Percent: 0.00%, Whitelist: 1, IPv4: 0, IPv6: 0, Min Delay: -1 ms, Max Speed: 0.00 M/s, Avg Speed: 0.00 M/s, Max Resolution: None
Category: 央视频道, Name: CCTV美洲, Total: 1, Valid: 0, Valid Percent: 0.00%, Whitelist: 1, IPv4: 0, IPv6: 0, Min Delay: -1 ms, Max Speed: 0.00 M/s, Avg Speed: 0.00 M/s, Max Resolution: None
Category: 卫视频道, Name: 北京卫视, Total: 9, Valid: 6, Valid Percent: 66.67%, Whitelist: 2, IPv4: 7, IPv6: 0, Min Delay: 17 ms, Max Speed: 5.48 M/s, Avg Speed: 1.81 M/s, Max Resolution: 1920x1080
Category: 卫视频道, Name: 东方卫视, Total: 8, Valid: 5, Valid Percent: 62.50%, Whitelist: 2, IPv4: 6, IPv6: 0, Min Delay: 2599 ms, Max Speed: 2.44 M/s, Avg Speed: 1.06 M/s, Max Resolution: 1920x1080
Category: 卫视频道, Name: 浙江卫视, Total: 9, Valid: 6, Valid Percent: 66.67%, Whitelist: 2, IPv4: 7, IPv6: 0, Min Delay: 2217 ms, Max Speed: 2.45 M/s, Avg Speed: 0.97 M/s, Max Resolution: 1920x1080
Category: 卫视频道, Name: 湖南卫视, Total: 9, Valid: 6, Valid Percent: 66.67%, Whitelist: 2, IPv4: 7, IPv6: 0, Min Delay: 503 ms, Max Speed: 2.37 M/s, Avg Speed: 1.09 M/s, Max Resolution: 1920x1080
Category: 卫视频道, Name: 湖北卫视, Total: 9, Valid: 6, Valid Percent: 66.67%, Whitelist: 2, IPv4: 7, IPv6: 0, Min Delay: 2595 ms, Max Speed: 2.37 M/s, Avg Speed: 0.90 M/s, Max Resolution: 1920x1080
Category: 卫视频道, Name: 黑龙江卫视, Total: 9, Valid: 6, Valid Percent: 66.67%, Whitelist: 2, IPv4: 7, IPv6: 0, Min Delay: 2261 ms, Max Speed: 2.33 M/s, Avg Speed: 0.56 M/s, Max Resolution: 1920x1080
Category: 卫视频道, Name: 海南卫视, Total: 7, Valid: 5, Valid Percent: 71.43%, Whitelist: 1, IPv4: 6, IPv6: 0, Min Delay: 2843 ms, Max Speed: 2.37 M/s, Avg Speed: 1.03 M/s, Max Resolution: 1920x1080
Category: 卫视频道, Name: 河北卫视, Total: 8, Valid: 6, Valid Percent: 75.00%, Whitelist: 1, IPv4: 7, IPv6: 0, Min Delay: 2566 ms, Max Speed: 2.44 M/s, Avg Speed: 0.89 M/s, Max Resolution: 1920x1080
Category: 卫视频道, Name: 江苏卫视, Total: 9, Valid: 6, Valid Percent: 66.67%, Whitelist: 2, IPv4: 7, IPv6: 0, Min Delay: 2355 ms, Max Speed: 2.02 M/s, Avg Speed: 0.64 M/s, Max Resolution: 1920x1080
Category: 卫视频道, Name: 山东卫视, Total: 9, Valid: 7, Valid Percent: 77.78%, Whitelist: 2, IPv4: 7, IPv6: 0, Min Delay: 2598 ms, Max Speed: 2.35 M/s, Avg Speed: 0.75 M/s, Max Resolution: 1920x1080
Category: 卫视频道, Name: 陕西卫视, Total: 3, Valid: 1, Valid Percent: 33.33%, Whitelist: 1, IPv4: 2, IPv6: 0, Min Delay: 933 ms, Max Speed: 0.14 M/s, Avg Speed: 0.14 M/s, Max Resolution: 1920x1080
Category: 卫视频道, Name: 深圳卫视, Total: 9, Valid: 6, Valid Percent: 66.67%, Whitelist: 2, IPv4: 7, IPv6: 0, Min Delay: 2598 ms, Max Speed: 2.03 M/s, Avg Speed: 0.80 M/s, Max Resolution: 1920x1080
Category: 卫视频道, Name: 广东卫视, Total: 9, Valid: 7, Valid Percent: 77.78%, Whitelist: 2, IPv4: 7, IPv6: 0, Min Delay: 2377 ms, Max Speed: 2.42 M/s, Avg Speed: 0.71 M/s, Max Resolution: 1920x1080
Category: 卫视频道, Name: 兵团卫视, Total: 6, Valid: 4, Valid Percent: 66.67%, Whitelist: 2, IPv4: 4, IPv6: 0, Min Delay: 2645 ms, Max Speed: 1.46 M/s, Avg Speed: 0.72 M/s, Max Resolution: 720x576
Category: 卫视频道, Name: 安徽卫视, Total: 8, Valid: 6, Valid Percent: 75.00%, Whitelist: 1, IPv4: 7, IPv6: 0, Min Delay: 2603 ms, Max Speed: 2.42 M/s, Avg Speed: 0.47 M/s, Max Resolution: None
Category: 卫视频道, Name: 重庆卫视, Total: 9, Valid: 7, Valid Percent: 77.78%, Whitelist: 2, IPv4: 7, IPv6: 0, Min Delay: 2575 ms, Max Speed: 2.43 M/s, Avg Speed: 0.73 M/s, Max Resolution: 1920x1080
Category: 卫视频道, Name: 东南卫视, Total: 8, Valid: 5, Valid Percent: 62.50%, Whitelist: 2, IPv4: 6, IPv6: 0, Min Delay: 2811 ms, Max Speed: 2.20 M/s, Avg Speed: 0.96 M/s, Max Resolution: 1920x1080
Category: 卫视频道, Name: 甘肃卫视, Total: 7, Valid: 5, Valid Percent: 71.43%, Whitelist: 1, IPv4: 6, IPv6: 0, Min Delay: 3062 ms, Max Speed: 1.64 M/s, Avg Speed: 0.39 M/s, Max Resolution: 720x576
Category: 卫视频道, Name: 广西卫视, Total: 5, Valid: 3, Valid Percent: 60.00%, Whitelist: 1, IPv4: 4, IPv6: 0, Min Delay: 2608 ms, Max Speed: 2.29 M/s, Avg Speed: 0.81 M/s, Max Resolution: 720x576
Category: 卫视频道, Name: 贵州卫视, Total: 8, Valid: 6, Valid Percent: 75.00%, Whitelist: 1, IPv4: 7, IPv6: 0, Min Delay: 2804 ms, Max Speed: 2.23 M/s, Avg Speed: 0.81 M/s, Max Resolution: 1920x1080
Category: 卫视频道, Name: 河南卫视, Total: 9, Valid: 6, Valid Percent: 66.67%, Whitelist: 1, IPv4: 8, IPv6: 0, Min Delay: 76 ms, Max Speed: 18.48 M/s, Avg Speed: 6.19 M/s, Max Resolution: 1920x1080
Category: 卫视频道, Name: 吉林卫视, Total: 7, Valid: 5, Valid Percent: 71.43%, Whitelist: 1, IPv4: 6, IPv6: 0, Min Delay: 2844 ms, Max Speed: 2.35 M/s, Avg Speed: 0.52 M/s, Max Resolution: 720x576
Category: 卫视频道, Name: 江西卫视, Total: 9, Valid: 6, Valid Percent: 66.67%, Whitelist: 2, IPv4: 7, IPv6: 0, Min Delay: 2609 ms, Max Speed: 2.36 M/s, Avg Speed: 0.82 M/s, Max Resolution: 1920x1080
Category: 卫视频道, Name: 辽宁卫视, Total: 9, Valid: 6, Valid Percent: 66.67%, Whitelist: 2, IPv4: 7, IPv6: 0, Min Delay: 2100 ms, Max Speed: 2.42 M/s, Avg Speed: 0.84 M/s, Max Resolution: 1920x1080
Category: 卫视频道, Name: 内蒙古卫视, Total: 8, Valid: 7, Valid Percent: 87.50%, Whitelist: 1, IPv4: 7, IPv6: 0, Min Delay: 2317 ms, Max Speed: 1.37 M/s, Avg Speed: 0.43 M/s, Max Resolution: 720x576
Category: 卫视频道, Name: 宁夏卫视, Total: 8, Valid: 6, Valid Percent: 75.00%, Whitelist: 1, IPv4: 7, IPv6: 0, Min Delay: 2110 ms, Max Speed: 1.40 M/s, Avg Speed: 0.56 M/s, Max Resolution: 1920x1080
Category: 卫视频道, Name: 青海卫视, Total: 7, Valid: 5, Valid Percent: 71.43%, Whitelist: 1, IPv4: 6, IPv6: 0, Min Delay: 2834 ms, Max Speed: 2.37 M/s, Avg Speed: 0.94 M/s, Max Resolution: 1920x1080
Category: 卫视频道, Name: 山西卫视, Total: 3, Valid: 3, Valid Percent: 100.00%, Whitelist: 0, IPv4: 3, IPv6: 0, Min Delay: 2812 ms, Max Speed: 2.38 M/s, Avg Speed: 0.85 M/s, Max Resolution: 720x576
Category: 卫视频道, Name: 四川卫视, Total: 8, Valid: 6, Valid Percent: 75.00%, Whitelist: 1, IPv4: 7, IPv6: 0, Min Delay: 2810 ms, Max Speed: 2.38 M/s, Avg Speed: 0.47 M/s, Max Resolution: 1920x1080
Category: 卫视频道, Name: 天津卫视, Total: 8, Valid: 6, Valid Percent: 75.00%, Whitelist: 1, IPv4: 7, IPv6: 0, Min Delay: 2383 ms, Max Speed: 2.31 M/s, Avg Speed: 0.45 M/s, Max Resolution: 1920x1080
Category: 卫视频道, Name: 西藏卫视, Total: 7, Valid: 6, Valid Percent: 85.71%, Whitelist: 1, IPv4: 6, IPv6: 0, Min Delay: 2592 ms, Max Speed: 1.46 M/s, Avg Speed: 0.57 M/s, Max Resolution: 1920x1080
Category: 卫视频道, Name: 新疆卫视, Total: 7, Valid: 5, Valid Percent: 71.43%, Whitelist: 1, IPv4: 6, IPv6: 0, Min Delay: 2114 ms, Max Speed: 1.28 M/s, Avg Speed: 0.75 M/s, Max Resolution: 720x576
Category: 卫视频道, Name: 云南卫视, Total: 9, Valid: 5, Valid Percent: 55.56%, Whitelist: 1, IPv4: 8, IPv6: 0, Min Delay: 923 ms, Max Speed: 0.27 M/s, Avg Speed: 0.14 M/s, Max Resolution: 1920x1080
Category: 卫视频道, Name: 大湾区卫视, Total: 3, Valid: 3, Valid Percent: 100.00%, Whitelist: 0, IPv4: 3, IPv6: 0, Min Delay: 9018 ms, Max Speed: 0.99 M/s, Avg Speed: 0.34 M/s, Max Resolution: 1920x1080
Category: 特区频道, Name: BBC, Total: 2, Valid: 0, Valid Percent: 0.00%, Whitelist: 2, IPv4: 0, IPv6: 0, Min Delay: -1 ms, Max Speed: 0.00 M/s, Avg Speed: 0.00 M/s, Max Resolution: None
Category: 特区频道, Name: 凤凰中文, Total: 2, Valid: 1, Valid Percent: 50.00%, Whitelist: 1, IPv4: 1, IPv6: 0, Min Delay: 447 ms, Max Speed: 0.12 M/s, Avg Speed: 0.12 M/s, Max Resolution: 1280x720
Category: 特区频道, Name: 莲花卫视, Total: 2, Valid: 1, Valid Percent: 50.00%, Whitelist: 1, IPv4: 1, IPv6: 0, Min Delay: 262 ms, Max Speed: 1.89 M/s, Avg Speed: 1.89 M/s, Max Resolution: 1920x1080
Category: 特区频道, Name: CNN, Total: 1, Valid: 0, Valid Percent: 0.00%, Whitelist: 1, IPv4: 0, IPv6: 0, Min Delay: -1 ms, Max Speed: 0.00 M/s, Avg Speed: 0.00 M/s, Max Resolution: None
Category: 特区频道, Name: CNA, Total: 2, Valid: 0, Valid Percent: 0.00%, Whitelist: 2, IPv4: 0, IPv6: 0, Min Delay: -1 ms, Max Speed: 0.00 M/s, Avg Speed: 0.00 M/s, Max Resolution: None
Category: 特区频道, Name: 时尚TV, Total: 1, Valid: 0, Valid Percent: 0.00%, Whitelist: 1, IPv4: 0, IPv6: 0, Min Delay: -1 ms, Max Speed: 0.00 M/s, Avg Speed: 0.00 M/s, Max Resolution: None
Category: 地方频道, Name: 环球旅游, Total: 1, Valid: 1, Valid Percent: 100.00%, Whitelist: 0, IPv4: 1, IPv6: 0, Min Delay: 2327 ms, Max Speed: 1.14 M/s, Avg Speed: 1.14 M/s, Max Resolution: 720x576
Category: 地方频道, Name: 江苏新闻, Total: 1, Valid: 0, Valid Percent: 0.00%, Whitelist: 1, IPv4: 0, IPv6: 0, Min Delay: -1 ms, Max Speed: 0.00 M/s, Avg Speed: 0.00 M/s, Max Resolution: None
Category: 地方频道, Name: 无锡新闻, Total: 2, Valid: 0, Valid Percent: 0.00%, Whitelist: 2, IPv4: 0, IPv6: 0, Min Delay: -1 ms, Max Speed: 0.00 M/s, Avg Speed: 0.00 M/s, Max Resolution: None
Category: 地方频道, Name: 浙江新闻, Total: 5, Valid: 4, Valid Percent: 80.00%, Whitelist: 1, IPv4: 4, IPv6: 0, Min Delay: 2081 ms, Max Speed: 0.70 M/s, Avg Speed: 0.59 M/s, Max Resolution: 1920x1080
Category: 地方频道, Name: 绍兴综合, Total: 2, Valid: 1, Valid Percent: 50.00%, Whitelist: 1, IPv4: 1, IPv6: 0, Min Delay: 4998 ms, Max Speed: 0.15 M/s, Avg Speed: 0.15 M/s, Max Resolution: 720x576
Category: 地方频道, Name: 上虞综合, Total: 1, Valid: 0, Valid Percent: 0.00%, Whitelist: 1, IPv4: 0, IPv6: 0, Min Delay: -1 ms, Max Speed: 0.00 M/s, Avg Speed: 0.00 M/s, Max Resolution: None
Category: 地方频道, Name: 广州综合, Total: 3, Valid: 1, Valid Percent: 33.33%, Whitelist: 2, IPv4: 1, IPv6: 0, Min Delay: 10651 ms, Max Speed: 0.06 M/s, Avg Speed: 0.06 M/s, Max Resolution: None
Category: 地方频道, Name: 阳江综合, Total: 2, Valid: 0, Valid Percent: 0.00%, Whitelist: 2, IPv4: 0, IPv6: 0, Min Delay: -1 ms, Max Speed: 0.00 M/s, Avg Speed: 0.00 M/s, Max Resolution: None
Category: 地方频道, Name: 桂林综合, Total: 1, Valid: 0, Valid Percent: 0.00%, Whitelist: 1, IPv4: 0, IPv6: 0, Min Delay: -1 ms, Max Speed: 0.00 M/s, Avg Speed: 0.00 M/s, Max Resolution: None
Category: 地方频道, Name: DJ音乐1, Total: 5, Valid: 0, Valid Percent: 0.00%, Whitelist: 5, IPv4: 0, IPv6: 0, Min Delay: -1 ms, Max Speed: 0.00 M/s, Avg Speed: 0.00 M/s, Max Resolution: None
Category: 地方频道, Name: DJ音乐2, Total: 5, Valid: 0, Valid Percent: 0.00%, Whitelist: 5, IPv4: 0, IPv6: 0, Min Delay: -1 ms, Max Speed: 0.00 M/s, Avg Speed: 0.00 M/s, Max Resolution: None
Category: 地方频道, Name: DJ音乐3, Total: 5, Valid: 0, Valid Percent: 0.00%, Whitelist: 5, IPv4: 0, IPv6: 0, Min Delay: -1 ms, Max Speed: 0.00 M/s, Avg Speed: 0.00 M/s, Max Resolution: None
Category: 地方频道, Name: 上海纪实, Total: 1, Valid: 0, Valid Percent: 0.00%, Whitelist: 1, IPv4: 0, IPv6: 0, Min Delay: -1 ms, Max Speed: 0.00 M/s, Avg Speed: 0.00 M/s, Max Resolution: None
Category: 地方频道, Name: 金鹰纪实, Total: 1, Valid: 0, Valid Percent: 0.00%, Whitelist: 1, IPv4: 0, IPv6: 0, Min Delay: -1 ms, Max Speed: 0.00 M/s, Avg Speed: 0.00 M/s, Max Resolution: None
Category: 动漫频道, Name: 金鹰卡通, Total: 7, Valid: 4, Valid Percent: 57.14%, Whitelist: 1, IPv4: 6, IPv6: 0, Min Delay: 934 ms, Max Speed: 0.27 M/s, Avg Speed: 0.13 M/s, Max Resolution: 1920x1080
Category: 动漫频道, Name: 哈哈炫动, Total: 3, Valid: 1, Valid Percent: 33.33%, Whitelist: 2, IPv4: 1, IPv6: 0, Min Delay: 10580 ms, Max Speed: 0.08 M/s, Avg Speed: 0.08 M/s, Max Resolution: None
Category: 动漫频道, Name: 卡酷少儿, Total: 1, Valid: 0, Valid Percent: 0.00%, Whitelist: 1, IPv4: 0, IPv6: 0, Min Delay: -1 ms, Max Speed: 0.00 M/s, Avg Speed: 0.00 M/s, Max Resolution: None
Category: 动漫频道, Name: 嘉佳卡通, Total: 1, Valid: 0, Valid Percent: 0.00%, Whitelist: 1, IPv4: 0, IPv6: 0, Min Delay: -1 ms, Max Speed: 0.00 M/s, Avg Speed: 0.00 M/s, Max Resolution: None
